Initializing document watcher...
Document watcher initialized
g65050972/bookinfo-secret/bookinfo-dev-ratings-mongodb-secret.yaml: {}
g65050972/bookinfo-secret/bookinfo-dev-ratings-mongodb-secret.yaml: {}
g65050972/bookinfo-secret/bookinfo-dev-ratings-mongodb-secret.yaml: {}
g65050972/k8s/01-pod.yaml: {}
g65050972/ratings/k8s/ratings-deployment.yaml: {}
g65050972/ratings/k8s/ratings-ingress.yaml: {}
g65050972/ratings/k8s/ratings-service.yaml: {}
g65050972/ratings/databases/script.sh: {}
g65050972/ratings/databases/ratings_data.json: {}
g65050972/k8s/02-apache-deployment.yaml: {}
g65050972/k8s/02-apache-service.yaml: {}
g65050972/bookinfo-secret/bookinfo-dev-ratings-mongodb-secret.yaml: {}
g65050972/bookinfo-secret/bookinfo-dev-ratings-mongodb-secret.yaml: {}
g65050972/bookinfo-secret/bookinfo-dev-ratings-mongodb-secret.yaml: {}
g65050972/ratings/k8s/ratings-deployment.yaml: {}
g65050972/ratings/k8s/ratings-deployment.yaml: Using EditorConfig core...
g65050972/ratings/k8s/ratings-deployment.yaml: {}
g65050972/ratings/k8s/ratings-deployment.yaml: Using EditorConfig core...
g65050972/ratings/k8s/ratings-deployment.yaml: {}
g65050972/ratings/k8s/ratings-deployment.yaml: {}
g65050972/ratings/k8s/helm/Chart.yaml: {}
g65050972/ratings/k8s/helm/Chart.yaml: {}
g65050972/ratings/k8s/helm/Chart.yaml: Using EditorConfig core...
g65050972/ratings/k8s/helm/Chart.yaml: {}
g65050972/ratings/k8s/helm/Chart.yaml: {}
g65050972/ratings/k8s/helm/templates/ratings-deployment.yaml: {}
g65050972/ratings/k8s/helm/templates/ratings-ingress.yaml: {}
g65050972/ratings/k8s/helm/templates/ratings-service.yaml: {}
g65050972/ratings/k8s/helm/templates/ratings-service.yaml: {}
g65050972/ratings/k8s/helm/templates/ratings-service.yaml: {}
g65050972/ratings/k8s/helm/templates/ratings-service.yaml: {}
g65050972/ratings/k8s/helm/templates/ratings-deployment.yaml: {}
g65050972/ratings/k8s/helm/templates/ratings-deployment.yaml: {}
g65050972/ratings/k8s/helm/templates/ratings-deployment.yaml: Using EditorConfig core...
g65050972/ratings/k8s/helm/templates/ratings-deployment.yaml: Using EditorConfig core...
g65050972/ratings/k8s/helm/templates/ratings-deployment.yaml: Using EditorConfig core...
g65050972/ratings/k8s/helm/templates/ratings-deployment.yaml: Using EditorConfig core...
g65050972/ratings/k8s/helm/templates/ratings-deployment.yaml: Using EditorConfig core...
g65050972/ratings/k8s/helm/templates/ratings-deployment.yaml: {}
g65050972/ratings/k8s/helm/templates/ratings-deployment.yaml: {}
g65050972/ratings/k8s/helm/templates/ratings-deployment.yaml: Using EditorConfig core...
g65050972/ratings/k8s/helm/templates/ratings-deployment.yaml: {}
g65050972/ratings/k8s/helm/templates/ratings-deployment.yaml: Using EditorConfig core...
g65050972/ratings/k8s/helm/templates/ratings-deployment.yaml: Using EditorConfig core...
g65050972/ratings/k8s/helm/templates/ratings-deployment.yaml: {}
g65050972/ratings/k8s/helm/templates/ratings-deployment.yaml: {}
g65050972/ratings/k8s/helm/templates/ratings-deployment.yaml: Using EditorConfig core...
g65050972/ratings/k8s/helm/templates/ratings-deployment.yaml: Using EditorConfig core...
g65050972/ratings/k8s/helm/templates/ratings-deployment.yaml: Using EditorConfig core...
g65050972/ratings/k8s/helm/templates/ratings-deployment.yaml: Using EditorConfig core...
g65050972/ratings/k8s/helm/templates/ratings-deployment.yaml: Using EditorConfig core...
g65050972/ratings/k8s/helm/templates/ratings-deployment.yaml: Using EditorConfig core...
g65050972/ratings/k8s/helm/templates/ratings-deployment.yaml: Using EditorConfig core...
g65050972/ratings/k8s/helm/templates/ratings-deployment.yaml: Using EditorConfig core...
g65050972/ratings/k8s/helm/templates/ratings-deployment.yaml: Using EditorConfig core...
g65050972/ratings/k8s/helm/templates/ratings-deployment.yaml: Using EditorConfig core...
g65050972/ratings/k8s/helm/templates/ratings-deployment.yaml: Using EditorConfig core...
g65050972/ratings/k8s/helm/templates/ratings-deployment.yaml: {}
g65050972/ratings/k8s/helm/templates/ratings-deployment.yaml: {}
g65050972/ratings/k8s/helm/templates/ratings-deployment.yaml: {}
g65050972/ratings/k8s/helm/templates/ratings-deployment.yaml: {}
g65050972/ratings/k8s/helm-values/values-bookinfo-dev-ratings.yaml: {}
g65050972/ratings/k8s/helm-values/values-bookinfo-dev-ratings-mongodb.yaml: {}
g65050972/ratings/k8s/helm-values/values-bookinfo-dev-ratings.yaml: {}
g65050972/ratings/k8s/helm-values/values-bookinfo-dev-ratings.yaml: Using EditorConfig core...
g65050972/ratings/k8s/helm-values/values-bookinfo-dev-ratings.yaml: {}
g65050972/ratings/k8s/helm-values/values-bookinfo-dev-ratings.yaml: {}
g65050972/ratings/k8s/helm-values/values-bookinfo-dev-ratings.yaml: Using EditorConfig core...
g65050972/ratings/k8s/helm-values/values-bookinfo-dev-ratings.yaml: {}
g65050972/ratings/k8s/helm-values/values-bookinfo-dev-ratings.yaml: Using EditorConfig core...
g65050972/ratings/k8s/helm-values/values-bookinfo-dev-ratings.yaml: {}
g65050972/ratings/k8s/helm-values/values-bookinfo-dev-ratings.yaml: {}
g65050972/ratings/k8s/helm-values/values-bookinfo-dev-ratings.yaml: {}
g65050972/ratings/k8s/helm-values/values-bookinfo-dev-ratings.yaml: Using EditorConfig core...
g65050972/ratings/k8s/helm-values/values-bookinfo-dev-ratings.yaml: Using EditorConfig core...
g65050972/ratings/k8s/helm-values/values-bookinfo-dev-ratings.yaml: {}
g65050972/ratings/k8s/helm-values/values-bookinfo-dev-ratings.yaml: {}
g65050972/ratings/k8s/helm-values/values-bookinfo-dev-ratings.yaml: {}
g65050972/ratings/k8s/helm-values/values-bookinfo-dev-ratings.yaml: {}
g65050972/bookinfo-secret/bookinfo-dev-ratings-mongodb-secret.yaml: {}
g65050972/ratings/k8s/helm-values/values-bookinfo-dev-ratings-mongodb.yaml: {}
g65050972/ratings/k8s/helm-values/values-bookinfo-dev-ratings.yaml: {}
g65050972/bookinfo-secret/bookinfo-dev-ratings-mongodb-secret.yaml: {}
g65050972/ratings/k8s/helm-values/values-bookinfo-dev-ratings-mongodb.yaml: {}
g65050972/ratings/databases/ratings_data.json: {}
g65050972/ratings/k8s/helm-values/values-bookinfo-dev-ratings-mongodb.yaml: {}
g65050972/ratings/databases/script.sh: {}
g65050972/ratings/k8s/helm-values/values-bookinfo-dev-ratings-mongodb.yaml: {}
g65050972/ratings/k8s/helm/templates/ratings-deployment.yaml: {}
g65050972/ratings/k8s/helm/templates/ratings-deployment.yaml: Using EditorConfig core...
g65050972/ratings/k8s/helm/templates/ratings-deployment.yaml: Using EditorConfig core...
g65050972/ratings/k8s/helm/templates/ratings-deployment.yaml: Using EditorConfig core...
g65050972/ratings/k8s/helm/templates/ratings-deployment.yaml: Using EditorConfig core...
g65050972/ratings/k8s/helm/templates/ratings-deployment.yaml: Using EditorConfig core...
g65050972/ratings/k8s/helm/templates/ratings-deployment.yaml: Using EditorConfig core...
g65050972/ratings/k8s/helm/templates/ratings-deployment.yaml: {}
g65050972/ratings/k8s/helm/templates/ratings-deployment.yaml: Using EditorConfig core...
g65050972/ratings/k8s/helm/templates/ratings-deployment.yaml: Using EditorConfig core...
g65050972/ratings/k8s/helm/templates/ratings-deployment.yaml: {}
g65050972/ratings/k8s/helm/templates/ratings-deployment.yaml: {}
g65050972/ratings/k8s/helm/templates/ratings-deployment.yaml: {}
g65050972/ratings/k8s/helm-values/values-bookinfo-dev-ratings-mongodb.yaml: {}
g65050972/ratings/k8s/helm/Chart.yaml: {}
g65050972/ratings/k8s/helm-values/values-bookinfo-dev-ratings-mongodb.yaml: {}
g65050972/ratings/k8s/helm-values/values-bookinfo-dev-ratings.yaml: {}
g65050972/ratings/k8s/helm/templates/ratings-service.yaml: {}
g65050972/ratings/k8s/helm/templates/ratings-ingress.yaml: {}
g65050972/ratings/k8s/helm/templates/ratings-deployment.yaml: {}
g65050972/ratings/k8s/helm/templates/ratings-ingress.yaml: {}
g65050972/ratings/k8s/helm/templates/ratings-deployment.yaml: {}
g65050972/ratings/k8s/helm/templates/ratings-ingress.yaml: {}
g65050972/ratings/k8s/helm/templates/ratings-service.yaml: {}
g65050972/ratings/k8s/helm/templates/ratings-ingress.yaml: {}
g65050972/ratings/k8s/helm/templates/ratings-ingress.yaml: {}
g65050972/ratings/k8s/helm/templates/ratings-deployment.yaml: {}
g65050972/ratings/k8s/helm/templates/ratings-service.yaml: {}
g65050972/ratings/k8s/helm/templates/ratings-service.yaml: Using EditorConfig core...
g65050972/ratings/k8s/helm/templates/ratings-ingress.yaml: {}
g65050972/ratings/k8s/helm/templates/ratings-ingress.yaml: Using EditorConfig core...
g65050972/ratings/k8s/helm/templates/ratings-ingress.yaml: {}
g65050972/ratings/k8s/helm/templates/ratings-service.yaml: {}
g65050972/ratings/k8s/helm/templates/ratings-ingress.yaml: {}
g65050972/ratings/k8s/helm/templates/ratings-service.yaml: {}
g65050972/ratings/k8s/helm/templates/ratings-deployment.yaml: {}
g65050972/ratings/k8s/helm-values/values-bookinfo-dev-ratings-mongodb.yaml: {}
g65050972/ratings/k8s/helm-values/values-bookinfo-dev-ratings-mongodb.yaml: {}
g65050972/ratings/k8s/helm-values/values-bookinfo-dev-ratings-mongodb.yaml: {}
g65050972/ratings/k8s/helm/templates/ratings-deployment.yaml: {}
g65050972/ratings/k8s/helm/templates/ratings-deployment.yaml: {}
g65050972/ratings/k8s/helm/templates/ratings-deployment.yaml: {}
g65050972/ratings/k8s/helm/templates/ratings-deployment.yaml: {}
g65050972/ratings/k8s/helm/templates/ratings-deployment.yaml: {}
g65050972/ratings/k8s/helm/templates/ratings-deployment.yaml: {}
g65050972/ratings/k8s/helm/templates/ratings-deployment.yaml: Using EditorConfig core...
g65050972/ratings/k8s/helm/templates/ratings-deployment.yaml: Using EditorConfig core...
g65050972/ratings/k8s/helm/templates/ratings-deployment.yaml: Using EditorConfig core...
g65050972/ratings/k8s/helm/templates/ratings-deployment.yaml: Using EditorConfig core...
g65050972/ratings/k8s/helm/templates/ratings-deployment.yaml: {}
g65050972/ratings/k8s/helm/templates/ratings-deployment.yaml: {}
g65050972/ratings/k8s/helm/templates/ratings-deployment.yaml: Using EditorConfig core...
g65050972/ratings/k8s/helm/templates/ratings-deployment.yaml: Using EditorConfig core...
g65050972/ratings/k8s/helm/templates/ratings-deployment.yaml: Using EditorConfig core...
g65050972/ratings/k8s/helm/templates/ratings-deployment.yaml: {}
g65050972/ratings/k8s/helm-values/values-bookinfo-dev-ratings-mongodb.yaml: {}
g65050972/ratings/k8s/helm/templates/ratings-deployment.yaml: {}
g65050972/ratings/k8s/helm/templates/ratings-service.yaml: {}
g65050972/ratings/k8s/helm/templates/ratings-ingress.yaml: {}
g65050972/ratings/k8s/helm-values/values-bookinfo-dev-ratings-mongodb.yaml: {}
g65050972/ratings/k8s/helm-values/values-bookinfo-dev-ratings.yaml: {}
g65050972/ratings/k8s/helm/templates/ratings-deployment.yaml: {}
g65050972/ratings/k8s/helm/templates/ratings-deployment.yaml: Using EditorConfig core...
g65050972/ratings/k8s/helm/templates/ratings-deployment.yaml: Using EditorConfig core...
g65050972/ratings/k8s/helm-values/values-bookinfo-dev-ratings.yaml: {}
g65050972/ratings/k8s/helm/templates/ratings-deployment.yaml: {}
g65050972/ratings/k8s/helm/templates/ratings-deployment.yaml: Using EditorConfig core...
g65050972/ratings/k8s/helm/templates/ratings-deployment.yaml: {}
g65050972/ratings/k8s/helm/templates/ratings-deployment.yaml: {}
g65050972/ratings/k8s/helm/templates/ratings-deployment.yaml: {}
g65050972/ratings/k8s/helm/templates/ratings-deployment.yaml: {}
g65050972/ratings/k8s/helm/templates/ratings-deployment.yaml: Using EditorConfig core...
g65050972/ratings/k8s/helm/templates/ratings-deployment.yaml: {}
g65050972/ratings/k8s/helm/templates/ratings-deployment.yaml: Using EditorConfig core...
g65050972/ratings/k8s/helm/templates/ratings-deployment.yaml: Using EditorConfig core...
g65050972/ratings/k8s/helm/templates/ratings-deployment.yaml: Using EditorConfig core...
g65050972/ratings/k8s/helm/templates/ratings-deployment.yaml: Using EditorConfig core...
g65050972/ratings/k8s/helm/templates/ratings-deployment.yaml: Using EditorConfig core...
g65050972/ratings/k8s/helm/templates/ratings-deployment.yaml: {}
g65050972/ratings/k8s/helm/templates/ratings-ingress.yaml: {}
g65050972/ratings/k8s/helm/templates/ratings-ingress.yaml: Using EditorConfig core...
g65050972/ratings/k8s/helm/templates/ratings-ingress.yaml: {}
g65050972/ratings/k8s/helm/templates/ratings-service.yaml: {}
g65050972/ratings/k8s/helm/templates/ratings-service.yaml: Using EditorConfig core...
g65050972/ratings/k8s/helm/templates/ratings-deployment.yaml: {}
g65050972/ratings/k8s/helm/templates/ratings-deployment.yaml: {}
g65050972/ratings/k8s/helm/templates/ratings-service.yaml: {}
g65050972/ratings/k8s/helm/templates/ratings-deployment.yaml: {}
g65050972/ratings/k8s/helm/templates/ratings-service.yaml: {}
g65050972/ratings/k8s/helm/templates/ratings-service.yaml: Using EditorConfig core...
g65050972/ratings/k8s/helm/templates/ratings-service.yaml: Using EditorConfig core...
g65050972/ratings/k8s/helm/templates/ratings-ingress.yaml: {}
g65050972/ratings/k8s/helm/templates/ratings-ingress.yaml: Using EditorConfig core...
g65050972/ratings/k8s/helm/templates/ratings-ingress.yaml: Using EditorConfig core...
g65050972/ratings/k8s/helm-values/values-bookinfo-dev-ratings.yaml: {}
g65050972/ratings/k8s/helm-values/values-bookinfo-dev-ratings.yaml: {}
g65050972/ratings/k8s/helm/templates/ratings-deployment.yaml: {}
g65050972/ratings/k8s/helm/templates/ratings-deployment.yaml: {}
g65050972/ratings/k8s/helm/templates/ratings-deployment.yaml: {}
g65050972/ratings/k8s/helm/templates/ratings-deployment.yaml: {}
g65050972/ratings/k8s/helm/templates/ratings-deployment.yaml: Using EditorConfig core...
g65050972/ratings/k8s/helm/templates/ratings-deployment.yaml: Using EditorConfig core...
g65050972/ratings/k8s/helm/templates/ratings-deployment.yaml: Using EditorConfig core...
g65050972/ratings/k8s/helm/templates/ratings-deployment.yaml: {}
g65050972/ratings/k8s/helm-values/values-bookinfo-dev-ratings.yaml: {}
g65050972/ratings/k8s/helm-values/values-bookinfo-dev-ratings.yaml: {}
g65050972/ratings/k8s/helm-values/values-bookinfo-dev-ratings.yaml: {}
g65050972/ratings/k8s/helm/templates/ratings-deployment.yaml: {}
g65050972/ratings/k8s/helm/templates/ratings-deployment.yaml: Using EditorConfig core...
g65050972/ratings/k8s/helm/templates/ratings-deployment.yaml: {}
g65050972/ratings/k8s/helm/templates/ratings-deployment.yaml: Using EditorConfig core...
g65050972/ratings/k8s/helm/templates/ratings-deployment.yaml: {}
g65050972/ratings/k8s/helm/templates/ratings-deployment.yaml: {}
g65050972/ratings/k8s/helm/templates/ratings-deployment.yaml: {}
g65050972/ratings/k8s/helm/templates/ratings-deployment.yaml: {}
g65050972/ratings/k8s/helm/templates/ratings-deployment.yaml: {}
g65050972/ratings/k8s/helm/templates/ratings-deployment.yaml: {}
g65050972/ratings/k8s/helm/templates/ratings-deployment.yaml: {}
g65050972/ratings/k8s/helm/templates/ratings-deployment.yaml: {}
g65050972/ratings/k8s/helm/templates/ratings-deployment.yaml: {}
g65050972/ratings/k8s/helm/templates/ratings-deployment.yaml: {}
g65050972/ratings/k8s/helm/templates/ratings-deployment.yaml: {}
g65050972/ratings/k8s/helm/templates/ratings-deployment.yaml: {}
g65050972/ratings/k8s/helm/templates/ratings-deployment.yaml: {}
g65050972/ratings/k8s/helm/templates/ratings-deployment.yaml: Using EditorConfig core...
g65050972/ratings/k8s/helm/templates/ratings-deployment.yaml: Using EditorConfig core...
g65050972/ratings/k8s/helm-values/values-bookinfo-dev-ratings.yaml: {}
g65050972/ratings/k8s/helm/templates/ratings-deployment.yaml: {}
g65050972/ratings/k8s/helm/templates/ratings-deployment.yaml: Using EditorConfig core...
g65050972/ratings/k8s/helm/templates/ratings-deployment.yaml: Using EditorConfig core...
g65050972/ratings/k8s/helm/templates/ratings-deployment.yaml: Using EditorConfig core...
g65050972/ratings/k8s/helm/templates/ratings-deployment.yaml: Using EditorConfig core...
g65050972/ratings/k8s/helm/templates/ratings-deployment.yaml: {}
g65050972/ratings/k8s/helm/templates/ratings-deployment.yaml: Using EditorConfig core...
g65050972/ratings/k8s/helm/templates/ratings-deployment.yaml: {}
g65050972/ratings/k8s/helm-values/values-bookinfo-dev-ratings.yaml: {}
g65050972/ratings/k8s/helm/templates/ratings-deployment.yaml: {}
g65050972/ratings/k8s/helm/templates/ratings-deployment.yaml: Using EditorConfig core...
g65050972/ratings/k8s/helm/templates/ratings-deployment.yaml: Using EditorConfig core...
g65050972/ratings/k8s/helm/templates/ratings-deployment.yaml: Using EditorConfig core...
g65050972/ratings/k8s/helm/templates/ratings-deployment.yaml: Using EditorConfig core...
g65050972/ratings/k8s/helm/templates/ratings-deployment.yaml: Using EditorConfig core...
g65050972/ratings/k8s/helm/templates/ratings-deployment.yaml: Using EditorConfig core...
g65050972/ratings/k8s/helm/templates/ratings-deployment.yaml: Using EditorConfig core...
g65050972/ratings/k8s/helm/templates/ratings-deployment.yaml: Using EditorConfig core...
g65050972/ratings/k8s/helm/templates/ratings-deployment.yaml: Using EditorConfig core...
g65050972/ratings/k8s/helm/templates/ratings-deployment.yaml: Using EditorConfig core...
g65050972/ratings/k8s/helm/templates/ratings-deployment.yaml: Using EditorConfig core...
g65050972/ratings/k8s/helm/templates/ratings-deployment.yaml: Using EditorConfig core...
g65050972/ratings/k8s/helm/templates/ratings-deployment.yaml: Using EditorConfig core...
g65050972/ratings/k8s/helm/templates/ratings-deployment.yaml: {}
g65050972/ratings/k8s/helm/templates/ratings-deployment.yaml: {}
g65050972/ratings/k8s/helm/templates/ratings-ingress.yaml: {}
g65050972/ratings/k8s/helm/templates/ratings-ingress.yaml: Using EditorConfig core...
g65050972/ratings/k8s/helm/templates/ratings-ingress.yaml: {}
g65050972/ratings/k8s/helm/templates/ratings-ingress.yaml: Using EditorConfig core...
g65050972/ratings/k8s/helm/templates/ratings-ingress.yaml: Using EditorConfig core...
g65050972/ratings/k8s/helm/templates/ratings-ingress.yaml: {}
g65050972/ratings/k8s/helm/templates/ratings-deployment.yaml: {}
g65050972/ratings/k8s/helm/templates/ratings-deployment.yaml: Using EditorConfig core...
g65050972/ratings/k8s/helm/templates/ratings-ingress.yaml: {}
g65050972/ratings/k8s/helm/templates/ratings-ingress.yaml: {}
g65050972/ratings/k8s/helm/templates/ratings-ingress.yaml: Using EditorConfig core...
g65050972/ratings/k8s/helm/templates/ratings-ingress.yaml: Using EditorConfig core...
g65050972/ratings/k8s/helm/templates/ratings-ingress.yaml: {}
g65050972/ratings/k8s/helm/templates/ratings-ingress.yaml: {}
g65050972/ratings/k8s/helm/templates/ratings-ingress.yaml: Using EditorConfig core...
g65050972/ratings/k8s/helm/templates/ratings-ingress.yaml: Using EditorConfig core...
g65050972/ratings/k8s/helm/templates/ratings-ingress.yaml: {}
g65050972/ratings/k8s/helm/templates/ratings-ingress.yaml: Using EditorConfig core...
g65050972/ratings/k8s/helm/templates/ratings-ingress.yaml: {}
g65050972/ratings/k8s/helm/templates/ratings-service.yaml: {}
g65050972/ratings/k8s/helm/templates/ratings-service.yaml: Using EditorConfig core...
g65050972/ratings/k8s/helm/templates/ratings-service.yaml: Using EditorConfig core...
g65050972/ratings/k8s/helm-values/values-bookinfo-dev-ratings.yaml: {}
g65050972/ratings/k8s/helm/templates/ratings-deployment.yaml: {}
g65050972/ratings/k8s/helm-values/values-bookinfo-dev-ratings.yaml: {}
g65050972/ratings/k8s/helm/templates/ratings-ingress.yaml: {}
g65050972/ratings/k8s/helm/templates/ratings-ingress.yaml: Using EditorConfig core...
g65050972/ratings/k8s/helm/templates/ratings-service.yaml: {}
g65050972/ratings/k8s/helm/templates/ratings-service.yaml: Using EditorConfig core...
g65050972/ratings/k8s/helm/templates/ratings-service.yaml: {}
g65050972/ratings/k8s/helm/templates/ratings-ingress.yaml: {}
g65050972/ratings/k8s/helm/templates/ratings-service.yaml: {}
g65050972/ratings/k8s/helm/templates/ratings-deployment.yaml: {}
g65050972/ratings/k8s/helm/templates/ratings-deployment.yaml: {}
g65050972/ratings/k8s/helm/templates/ratings-deployment.yaml: {}
g65050972/ratings/k8s/helm-values/values-bookinfo-dev-ratings.yaml: {}
g65050972/ratings/k8s/helm-values/values-bookinfo-dev-ratings.yaml: {}
g65050972/ratings/k8s/helm-values/values-bookinfo-dev-ratings.yaml: {}
g65050972/ratings/k8s/helm/templates/ratings-ingress.yaml: {}
g65050972/ratings/k8s/helm/templates/ratings-ingress.yaml: {}
g65050972/ratings/k8s/helm/templates/ratings-ingress.yaml: Using EditorConfig core...
g65050972/ratings/k8s/helm/templates/ratings-ingress.yaml: {}
g65050972/ratings/k8s/helm/templates/ratings-ingress.yaml: Using EditorConfig core...
g65050972/ratings/k8s/helm/templates/ratings-ingress.yaml: {}
g65050972/ratings/k8s/helm/templates/ratings-ingress.yaml: Using EditorConfig core...
g65050972/ratings/k8s/helm/templates/ratings-ingress.yaml: {}
g65050972/ratings/k8s/helm/templates/ratings-deployment.yaml: {}
g65050972/ratings/k8s/helm/templates/ratings-deployment.yaml: {}
g65050972/ratings/k8s/helm/templates/ratings-deployment.yaml: {}
g65050972/ratings/k8s/helm/templates/ratings-deployment.yaml: {}
g65050972/ratings/k8s/helm/templates/ratings-deployment.yaml: Using EditorConfig core...
g65050972/ratings/k8s/helm/templates/ratings-deployment.yaml: Using EditorConfig core...
g65050972/ratings/k8s/helm/templates/ratings-deployment.yaml: {}
g65050972/ratings/k8s/helm/templates/ratings-deployment.yaml: {}
g65050972/ratings/k8s/helm/templates/ratings-deployment.yaml: Using EditorConfig core...
g65050972/ratings/k8s/helm/templates/ratings-deployment.yaml: {}
g65050972/ratings/k8s/helm/templates/ratings-deployment.yaml: {}
g65050972/ratings/k8s/helm/templates/ratings-deployment.yaml: {}
g65050972/ratings/k8s/helm/templates/ratings-deployment.yaml: {}
g65050972/ratings/k8s/helm/templates/ratings-service.yaml: {}
g65050972/ratings/k8s/helm-values/values-bookinfo-dev-ratings-mongodb.yaml: {}
g65050972/ratings/k8s/helm-values/values-bookinfo-dev-ratings-mongodb copy.yaml: {}
g65050972/ratings/k8s/helm-values/values-bookinfo-dev-ratings-mongodb copy 2.yaml: {}
g65050972/ratings/k8s/helm-values/values-bookinfo-dev-ratings-mongodb copy.yaml: {}
g65050972/ratings/k8s/helm-values/values-bookinfo-dev-ratings-mongodb copy 2.yaml: {}
g65050972/ratings/k8s/helm-values/values-bookinfo-dev-ratings-mongodb copy.yaml: {}
g65050972/ratings/k8s/helm-values/values-bookinfo-dev-ratings-mongodb.yaml: {}
g65050972/ratings/k8s/helm-values/values-bookinfo-uat-ratings-mongodb.yaml: {}
g65050972/ratings/k8s/helm-values/values-bookinfo-dev-ratings-mongodb copy.yaml: {}
g65050972/ratings/k8s/helm-values/prd.yaml: {}
g65050972/ratings/k8s/helm-values/values-bookinfo-uat-ratings-mongodb.yaml: {}
g65050972/ratings/k8s/helm-values/prd.yaml: {}
g65050972/ratings/k8s/helm-values/values-bookinfo-prd-ratings-mongodb.yaml: {}
g65050972/ratings/k8s/helm-values/values-bookinfo-dev-ratings.yaml: {}
g65050972/ratings/k8s/helm-values/values-bookinfo-dev-ratings copy.yaml: {}
g65050972/ratings/k8s/helm-values/values-bookinfo-dev-ratings-mongodb copy 2.yaml: {}
g65050972/ratings/k8s/helm-values/values-bookinfo-dev-ratings-mongodb.yaml: {}
g65050972/ratings/k8s/helm-values/values-bookinfo-dev-ratings.yaml: {}
g65050972/ratings/k8s/helm-values/values-bookinfo-dev-ratings copy 2.yaml: {}
g65050972/ratings/k8s/helm-values/values-bookinfo-prd-ratings.yaml: {}
g65050972/ratings/k8s/helm-values/values-bookinfo-dev-ratings.yaml: {}
g65050972/ratings/k8s/helm-values/values-bookinfo-dev-ratings.yaml: {}
g65050972/ratings/k8s/helm-values/values-bookinfo-dev-ratings.yaml: {}
g65050972/ratings/k8s/helm-values/values-bookinfo-prd-ratings.yaml: {}
g65050972/ratings/k8s/helm-values/values-bookinfo-prd-ratings-mongodb.yaml: {}
g65050972/ratings/k8s/helm-values/values-bookinfo-prd-ratings.yaml: {}
g65050972/ratings/k8s/helm-values/values-bookinfo-prd-ratings.yaml: {}
g65050972/ratings/k8s/helm-values/values-bookinfo-prd-ratings.yaml: {}
g65050972/ratings/k8s/helm-values/values-bookinfo-prd-ratings.yaml: {}
g65050972/ratings/k8s/helm-values/values-bookinfo-prd-ratings.yaml: {}
g65050972/ratings/k8s/helm-values/values-bookinfo-prd-ratings.yaml: Using EditorConfig core...
g65050972/ratings/k8s/helm-values/values-bookinfo-prd-ratings.yaml: Using EditorConfig core...
g65050972/ratings/k8s/helm-values/values-bookinfo-prd-ratings.yaml: Using EditorConfig core...
g65050972/ratings/k8s/helm-values/values-bookinfo-prd-ratings.yaml: {}
g65050972/ratings/k8s/helm-values/values-bookinfo-prd-ratings.yaml: Using EditorConfig core...
g65050972/ratings/k8s/helm-values/values-bookinfo-prd-ratings.yaml: Using EditorConfig core...
g65050972/ratings/k8s/helm-values/values-bookinfo-prd-ratings.yaml: {}
g65050972/ratings/k8s/helm-values/values-bookinfo-prd-ratings-mongodb.yaml: {}
g65050972/ratings/k8s/helm-values/values-bookinfo-dev-ratings-mongodb.yaml: {}
g65050972/ratings/k8s/helm-values/values-bookinfo-prd-ratings-mongodb.yaml: {}
g65050972/ratings/k8s/helm-values/values-bookinfo-dev-ratings-mongodb.yaml: {}
g65050972/ratings/k8s/helm-values/values-bookinfo-prd-ratings-mongodb.yaml: {}
g65050972/ratings/k8s/helm-values/values-bookinfo-prd-ratings-mongodb.yaml: {}
g65050972/ratings/k8s/helm-values/values-bookinfo-prd-ratings-mongodb.yaml: {}
g65050972/ratings/k8s/helm-values/values-bookinfo-prd-ratings-mongodb.yaml: Using EditorConfig core...
g65050972/ratings/k8s/helm-values/values-bookinfo-prd-ratings.yaml: {}
g65050972/ratings/k8s/helm-values/values-bookinfo-prd-ratings-mongodb.yaml: {}
g65050972/ratings/k8s/helm-values/values-bookinfo-prd-ratings.yaml: {}
g65050972/ratings/k8s/helm-values/values-bookinfo-prd-ratings-mongodb.yaml: {}
g65050972/ratings/k8s/helm-values/values-bookinfo-prd-ratings.yaml: {}
g65050972/ratings/k8s/helm-values/values-bookinfo-dev-ratings-mongodb.yaml: {}
g65050972/ratings/k8s/helm/templates/ratings-ingress.yaml: {}
g65050972/ratings/k8s/helm-values/values-bookinfo-prd-ratings-mongodb.yaml: {}
g65050972/ratings/k8s/helm-values/values-bookinfo-prd-ratings-mongodb.yaml: {}
g65050972/ratings/k8s/helm-values/values-bookinfo-prd-ratings-mongodb.yaml: {}
g65050972/ratings/k8s/helm-values/values-bookinfo-prd-ratings-mongodb.yaml: {}
g65050972/ratings/k8s/helm-values/values-bookinfo-uat-ratings-mongodb.yaml: {}
g65050972/ratings/k8s/helm-values/values-bookinfo-uat-ratings-mongodb.yaml: Using EditorConfig core...
g65050972/ratings/k8s/helm-values/values-bookinfo-uat-ratings.yaml: {}
g65050972/ratings/k8s/helm-values/values-bookinfo-uat-ratings.yaml: Using EditorConfig core...
g65050972/ratings/k8s/helm-values/values-bookinfo-uat-ratings-mongodb.yaml: {}
g65050972/ratings/k8s/helm-values/values-bookinfo-uat-ratings.yaml: {}
g65050972/ratings/k8s/helm-values/values-bookinfo-uat-ratings-mongodb.yaml: {}
g65050972/ratings/k8s/helm-values/values-bookinfo-prd-ratings.yaml: {}
g65050972/ratings/k8s/helm-values/values-bookinfo-prd-ratings-mongodb.yaml: {}
g65050972/ratings/k8s/helm-values/values-bookinfo-dev-ratings.yaml: {}
g65050972/ratings/k8s/helm-values/values-bookinfo-dev-ratings-mongodb.yaml: {}
g65050972/ratings/k8s/helm-values/values-bookinfo-dev-ratings-mongodb.yaml: {}
g65050972/bookinfo-secret/bookinfo-dev-ratings-mongodb-secret.yaml: {}
g65050972/bookinfo-secret/bookinfo-dev-ratings-mongodb-secret.yaml: {}
g65050972/bookinfo-secret/bookinfo-dev-ratings-mongodb-secret copy.yaml: {}
g65050972/bookinfo-secret/bookinfo-dev-ratings-mongodb-secret copy 2.yaml: {}
g65050972/keyfile.json: {}
g65050972/bookinfo-secret/bookinfo-dev-ratings-mongodb-secret copy.yaml: {}
g65050972/bookinfo-secret/bookinfo-uat-ratings-mongodb-secret copy.yaml: {}
g65050972/bookinfo-secret/bookinfo-uat-ratings-mongodb-secret copy.yaml: {}
g65050972/bookinfo-secret/bookinfo-dev-ratings-mongodb-secret copy 2.yaml: {}
g65050972/bookinfo-secret/bookinfo-uat-ratings-mongodb-secret.yaml: {}
g65050972/bookinfo-secret/bookinfo-prd-ratings-mongodb-secret.yaml: {}
g65050972/bookinfo-secret/bookinfo-dev-ratings-mongodb-secret copy 2.yaml: {}
g65050972/bookinfo-secret/bookinfo-uat-ratings-mongodb-secret.yaml: {}
g65050972/bookinfo-secret/bookinfo-prd-ratings-mongodb-secret.yaml: {}
g65050972/bookinfo-secret/bookinfo-uat-ratings-mongodb-secret.yaml: {}
g65050972/bookinfo-secret/bookinfo-prd-ratings-mongodb-secret.yaml: {}
g65050972/bookinfo-secret/bookinfo-dev-ratings-mongodb-secret copy 2.yaml: {}
g65050972/bookinfo-secret/bookinfo-prd-ratings-mongodb-secret.yaml: {}
g65050972/bookinfo-secret/bookinfo-uat-ratings-mongodb-secret.yaml: {}
g65050972/bookinfo-secret/bookinfo-uat-ratings-mongodb-secret.yaml: {}
g65050972/bookinfo-secret/bookinfo-prd-ratings-mongodb-secret.yaml: {}
g65050972/bookinfo-secret/bookinfo-dev-ratings-mongodb-secret copy 2.yaml: {}
g65050972/bookinfo-secret/bookinfo-prd-ratings-mongodb-secret.yaml: {}
g65050972/bookinfo-secret/bookinfo-dev-ratings-mongodb-secret copy 2.yaml: {}
g65050972/bookinfo-secret/bookinfo-prd-ratings-mongodb-secret.yaml: {}
g65050972/bookinfo-secret/bookinfo-prd-ratings-mongodb-secret.yaml: {}
g65050972/bookinfo-secret/bookinfo-prd-ratings-mongodb-secret.yaml: {}
g65050972/bookinfo-secret/bookinfo-prd-ratings-mongodb-secret.yaml: {}
g65050972/bookinfo-secret/bookinfo-prd-ratings-mongodb-secret.yaml: {}
g65050972/bookinfo-secret/bookinfo-uat-ratings-mongodb-secret.yaml: {}
g65050972/bookinfo-secret/bookinfo-uat-ratings-mongodb-secret.yaml: Using EditorConfig core...
g65050972/bookinfo-secret/bookinfo-dev-ratings-mongodb-secret copy 2.yaml: {}
g65050972/bookinfo-secret/bookinfo-uat-ratings-mongodb-secret.yaml: {}
g65050972/bookinfo-secret/bookinfo-dev-ratings-mongodb-secret copy 2.yaml: {}
g65050972/bookinfo-secret/bookinfo-uat-ratings-mongodb-secret.yaml: {}
g65050972/bookinfo-secret/bookinfo-dev-ratings-mongodb-secret copy 2.yaml: {}
g65050972/bookinfo-secret/bookinfo-dev-ratings-mongodb-secret copy 2.yaml: {}
g65050972/bookinfo-secret/bookinfo-prd-ratings-mongodb-secret.yaml: {}
g65050972/bookinfo-secret/bookinfo-prd-ratings-mongodb-secret.yaml: Using EditorConfig core...
g65050972/bookinfo-secret/bookinfo-uat-ratings-mongodb-secret.yaml: {}
g65050972/bookinfo-secret/bookinfo-prd-ratings-mongodb-secret.yaml: {}
g65050972/bookinfo-secret/bookinfo-uat-ratings-mongodb-secret.yaml: {}
g65050972/bookinfo-secret/bookinfo-prd-ratings-mongodb-secret.yaml: {}
g65050972/bookinfo-secret/bookinfo-dev-ratings-mongodb-secret copy 2.yaml: {}
g65050972/bookinfo-secret/bookinfo-prd-ratings-mongodb-secret.yaml: {}
g65050972/bookinfo-secret/bookinfo-uat-ratings-mongodb-secret.yaml: {}
g65050972/bookinfo-secret/bookinfo-uat-ratings-mongodb-secret.yaml: {}
g65050972/bookinfo-secret/bookinfo-uat-ratings-mongodb-secret.yaml: {}
g65050972/bookinfo-secret/bookinfo-dev-ratings-mongodb-secret copy 2.yaml: {}
g65050972/bookinfo-secret/bookinfo-prd-ratings-mongodb-secret.yaml: {}
g65050972/bookinfo-secret/bookinfo-uat-ratings-mongodb-secret.yaml: {}
g65050972/bookinfo-secret/bookinfo-prd-ratings-mongodb-secret.yaml: {}
g65050972/bookinfo-secret/bookinfo-dev-ratings-mongodb-secret copy 2.yaml: {}
g65050972/bookinfo-secret/bookinfo-prd-ratings-mongodb-secret.yaml: {}
g65050972/bookinfo-secret/bookinfo-prd-ratings-mongodb-secret.yaml: {}
g65050972/bookinfo-secret/bookinfo-dev-ratings-mongodb-secret copy 2.yaml: {}
g65050972/bookinfo-secret/bookinfo-prd-ratings-mongodb-secret.yaml: {}
g65050972/bookinfo-secret/bookinfo-dev-ratings-mongodb-secret copy 2.yaml: {}
g65050972/bookinfo-secret/bookinfo-dev-ratings-mongodb-secret copy 2.yaml: Using EditorConfig core...
g65050972/bookinfo-secret/bookinfo-prd-ratings-mongodb-secret.yaml: {}
g65050972/bookinfo-secret/bookinfo-prd-ratings-mongodb-secret.yaml: Using EditorConfig core...
g65050972/bookinfo-secret/bookinfo-prd-ratings-mongodb-secret.yaml: Using EditorConfig core...
g65050972/bookinfo-secret/bookinfo-prd-ratings-mongodb-secret.yaml: {}
g65050972/bookinfo-secret/bookinfo-prd-ratings-mongodb-secret.yaml: {}
g65050972/bookinfo-secret/bookinfo-dev-ratings-mongodb-secret copy 2.yaml: {}
g65050972/bookinfo-secret/bookinfo-dev-ratings-mongodb-secret copy 2.yaml: Using EditorConfig core...
g65050972/bookinfo-secret/bookinfo-uat-ratings-mongodb-secret.yaml: {}
g65050972/bookinfo-secret/bookinfo-uat-ratings-mongodb-secret.yaml: {}
g65050972/bookinfo-secret/bookinfo-uat-ratings-mongodb-secret.yaml: {}
g65050972/bookinfo-secret/bookinfo-dev-ratings-mongodb-secret copy 2.yaml: {}
g65050972/bookinfo-secret/bookinfo-prd-ratings-mongodb-secret.yaml: {}
g65050972/bookinfo-secret/bookinfo-prd-ratings-mongodb-secret.yaml: {}
g65050972/bookinfo-secret/bookinfo-prd-ratings-mongodb-secret.yaml: Using EditorConfig core...
g65050972/bookinfo-secret/bookinfo-prd-ratings-mongodb-secret.yaml: {}
g65050972/bookinfo-secret/bookinfo-prd-ratings-mongodb-secret.yaml: Using EditorConfig core...
g65050972/bookinfo-secret/bookinfo-prd-ratings-mongodb-secret.yaml: {}
g65050972/bookinfo-secret/bookinfo-prd-ratings-mongodb-secret.yaml: Using EditorConfig core...
g65050972/bookinfo-secret/bookinfo-prd-ratings-mongodb-secret.yaml: {}
g65050972/bookinfo-secret/bookinfo-prd-ratings-mongodb-secret.yaml: Using EditorConfig core...
g65050972/bookinfo-secret/bookinfo-prd-ratings-mongodb-secret.yaml: Using EditorConfig core...
g65050972/bookinfo-secret/bookinfo-uat-ratings-mongodb-secret.yaml: {}
g65050972/bookinfo-secret/bookinfo-uat-ratings-mongodb-secret.yaml: {}
g65050972/bookinfo-secret/bookinfo-uat-ratings-mongodb-secret.yaml: Using EditorConfig core...
g65050972/bookinfo-secret/bookinfo-uat-ratings-mongodb-secret.yaml: Using EditorConfig core...
g65050972/bookinfo-secret/bookinfo-uat-ratings-mongodb-secret.yaml: {}
g65050972/bookinfo-secret/bookinfo-uat-ratings-mongodb-secret.yaml: Using EditorConfig core...
g65050972/bookinfo-secret/bookinfo-prd-ratings-mongodb-secret.yaml: {}
g65050972/bookinfo-secret/bookinfo-uat-ratings-mongodb-secret.yaml: {}
g65050972/bookinfo-secret/bookinfo-prd-ratings-mongodb-secret.yaml: {}
g65050972/bookinfo-secret/bookinfo-uat-ratings-mongodb-secret.yaml: {}
g65050972/bookinfo-secret/bookinfo-prd-ratings-mongodb-secret.yaml: {}
g65050972/bookinfo-secret/bookinfo-dev-ratings-mongodb-secret copy 2.yaml: {}
g65050972/bookinfo-secret/bookinfo-prd-ratings-mongodb-secret.yaml: {}
g65050972/bookinfo-secret/bookinfo-uat-ratings-mongodb-secret.yaml: {}
g65050972/bookinfo-secret/bookinfo-uat-ratings-mongodb-secret.yaml: {}
g65050972/ratings/databases/ratings_data.json: {}
g65050972/ratings/databases/ratings_data.json: Using EditorConfig core...
g65050972/ratings/databases/ratings_data.json: {}
