2024-12-28 16:55:04.161 [info] [main] Log level: Info
2024-12-28 16:55:04.161 [info] [main] Validating found git in: "git"
2024-12-28 16:55:04.161 [info] [main] Using git "2.43.0" from "git"
2024-12-28 16:55:04.161 [info] [Model][doInitialScan] Initial repository scan started
2024-12-28 16:55:04.162 [info] > git rev-parse --show-toplevel [5ms]
2024-12-28 16:55:04.162 [info] fatal: not a git repository (or any parent up to mount point /)
Stopping at filesystem boundary (GIT_DISCOVERY_ACROSS_FILESYSTEM not set).
2024-12-28 16:55:04.163 [info] > git rev-parse --show-toplevel [3ms]
2024-12-28 16:55:04.163 [info] fatal: not a git repository (or any parent up to mount point /)
Stopping at filesystem boundary (GIT_DISCOVERY_ACROSS_FILESYSTEM not set).
2024-12-28 16:55:04.170 [info] > git rev-parse --show-toplevel [2ms]
2024-12-28 16:55:04.170 [info] fatal: not a git repository (or any parent up to mount point /)
Stopping at filesystem boundary (GIT_DISCOVERY_ACROSS_FILESYSTEM not set).
2024-12-28 16:55:04.176 [info] > git rev-parse --show-toplevel [3ms]
2024-12-28 16:55:04.176 [info] fatal: not a git repository (or any parent up to mount point /)
Stopping at filesystem boundary (GIT_DISCOVERY_ACROSS_FILESYSTEM not set).
2024-12-28 16:55:04.183 [info] > git rev-parse --show-toplevel [3ms]
2024-12-28 16:55:04.183 [info] fatal: not a git repository (or any parent up to mount point /)
Stopping at filesystem boundary (GIT_DISCOVERY_ACROSS_FILESYSTEM not set).
2024-12-28 16:55:04.190 [info] > git rev-parse --show-toplevel [2ms]
2024-12-28 16:55:04.190 [info] fatal: not a git repository (or any parent up to mount point /)
Stopping at filesystem boundary (GIT_DISCOVERY_ACROSS_FILESYSTEM not set).
2024-12-28 16:55:04.196 [info] > git rev-parse --show-toplevel [2ms]
2024-12-28 16:55:04.196 [info] fatal: not a git repository (or any parent up to mount point /)
Stopping at filesystem boundary (GIT_DISCOVERY_ACROSS_FILESYSTEM not set).
2024-12-28 16:55:04.196 [info] [Model][doInitialScan] Initial repository scan completed - repositories (0), closed repositories (0), parent repositories (0), unsafe repositories (0)
