Initializing document watcher...
Document watcher initialized
g65050972/README-cloudshell.txt: {}
g65050972/k8s/01-pod.yaml: {}
g65050972/k8s/01-pod.yaml: {}
g65050972/k8s/01-pod.yaml: {}
g65050972/k8s/01-pod.yaml: {}
g65050972/k8s/01-pod.yaml: Using EditorConfig core...
g65050972/k8s/01-pod.yaml: {}
g65050972/k8s/01-pod.yaml: {}
g65050972/k8s/01-pod.yaml: Using EditorConfig core...
No more open editors.
g65050972/k8s/01-pod.yaml: {}
undefined: {}
g65050972/k8s/01-pod.yaml: {}
g65050972/k8s/01-pod.yaml: {}
g65050972/k8s/01-pod.yaml: Using EditorConfig core...
g65050972/k8s/01-pod.yaml: Using EditorConfig core...
g65050972/k8s/01-pod.yaml: Using EditorConfig core...
g65050972/k8s/01-pod.yaml: {}
g65050972/k8s/01-pod.yaml: {}
g65050972/k8s/01-pod.yaml: {}
g65050972/k8s/01-pod.yaml: Using EditorConfig core...
undefined: {}
g65050972/k8s/01-pod.yaml: {}
g65050972/k8s/01-pod.yaml: {}
g65050972/k8s/01-pod.yaml: {}
