2024-12-29 18:53:02.532 [info] [main] Log level: Info
2024-12-29 18:53:02.532 [info] [main] Validating found git in: "git"
2024-12-29 18:53:02.532 [info] [main] Using git "2.43.0" from "git"
2024-12-29 18:53:02.532 [info] [Model][doInitialScan] Initial repository scan started
2024-12-29 18:53:02.532 [info] > git rev-parse --show-toplevel [2765ms]
2024-12-29 18:53:02.532 [info] fatal: not a git repository (or any parent up to mount point /)
Stopping at filesystem boundary (GIT_DISCOVERY_ACROSS_FILESYSTEM not set).
2024-12-29 18:53:02.532 [info] > git rev-parse --show-toplevel [79ms]
2024-12-29 18:53:02.532 [info] fatal: not a git repository (or any parent up to mount point /)
Stopping at filesystem boundary (GIT_DISCOVERY_ACROSS_FILESYSTEM not set).
2024-12-29 18:53:02.532 [info] > git rev-parse --show-toplevel [56ms]
2024-12-29 18:53:02.532 [info] fatal: not a git repository (or any parent up to mount point /)
Stopping at filesystem boundary (GIT_DISCOVERY_ACROSS_FILESYSTEM not set).
2024-12-29 18:53:03.050 [info] > git rev-parse --show-toplevel [30ms]
2024-12-29 18:53:03.050 [info] fatal: not a git repository (or any parent up to mount point /)
Stopping at filesystem boundary (GIT_DISCOVERY_ACROSS_FILESYSTEM not set).
2024-12-29 18:53:03.103 [info] > git rev-parse --show-toplevel [15ms]
2024-12-29 18:53:03.104 [info] fatal: not a git repository (or any parent up to mount point /)
Stopping at filesystem boundary (GIT_DISCOVERY_ACROSS_FILESYSTEM not set).
2024-12-29 18:53:03.114 [info] > git rev-parse --show-toplevel [4ms]
2024-12-29 18:53:03.114 [info] fatal: not a git repository (or any parent up to mount point /)
Stopping at filesystem boundary (GIT_DISCOVERY_ACROSS_FILESYSTEM not set).
2024-12-29 18:53:03.160 [info] > git rev-parse --show-toplevel [21ms]
2024-12-29 18:53:03.160 [info] fatal: not a git repository (or any parent up to mount point /)
Stopping at filesystem boundary (GIT_DISCOVERY_ACROSS_FILESYSTEM not set).
2024-12-29 18:53:03.240 [info] > git rev-parse --show-toplevel [66ms]
2024-12-29 18:53:03.240 [info] fatal: not a git repository (or any parent up to mount point /)
Stopping at filesystem boundary (GIT_DISCOVERY_ACROSS_FILESYSTEM not set).
2024-12-29 18:53:03.287 [info] > git rev-parse --show-toplevel [24ms]
2024-12-29 18:53:03.287 [info] fatal: not a git repository (or any parent up to mount point /)
Stopping at filesystem boundary (GIT_DISCOVERY_ACROSS_FILESYSTEM not set).
2024-12-29 18:53:03.312 [info] > git rev-parse --show-toplevel [10ms]
2024-12-29 18:53:03.312 [info] fatal: not a git repository (or any parent up to mount point /)
Stopping at filesystem boundary (GIT_DISCOVERY_ACROSS_FILESYSTEM not set).
2024-12-29 18:53:03.380 [info] > git rev-parse --show-toplevel [57ms]
2024-12-29 18:53:03.380 [info] fatal: not a git repository (or any parent up to mount point /)
Stopping at filesystem boundary (GIT_DISCOVERY_ACROSS_FILESYSTEM not set).
2024-12-29 18:53:03.424 [info] > git rev-parse --show-toplevel [14ms]
2024-12-29 18:53:03.424 [info] fatal: not a git repository (or any parent up to mount point /)
Stopping at filesystem boundary (GIT_DISCOVERY_ACROSS_FILESYSTEM not set).
2024-12-29 18:53:03.456 [info] > git rev-parse --show-toplevel [10ms]
2024-12-29 18:53:03.456 [info] fatal: not a git repository (or any parent up to mount point /)
Stopping at filesystem boundary (GIT_DISCOVERY_ACROSS_FILESYSTEM not set).
2024-12-29 18:53:03.457 [info] [Model][doInitialScan] Initial repository scan completed - repositories (0), closed repositories (0), parent repositories (0), unsafe repositories (0)
