2024-12-29 11:05:04.925 [info] [main] Log level: Info
2024-12-29 11:05:04.925 [info] [main] Validating found git in: "git"
2024-12-29 11:05:04.961 [info] [main] Using git "2.43.0" from "git"
2024-12-29 11:05:04.961 [info] [Model][doInitialScan] Initial repository scan started
2024-12-29 11:05:09.081 [info] > git rev-parse --show-toplevel [4083ms]
2024-12-29 11:05:09.081 [info] fatal: not a git repository (or any parent up to mount point /)
Stopping at filesystem boundary (GIT_DISCOVERY_ACROSS_FILESYSTEM not set).
2024-12-29 11:05:09.206 [info] > git rev-parse --show-toplevel [118ms]
2024-12-29 11:05:09.208 [info] fatal: not a git repository (or any parent up to mount point /)
Stopping at filesystem boundary (GIT_DISCOVERY_ACROSS_FILESYSTEM not set).
2024-12-29 11:05:09.367 [info] > git rev-parse --show-toplevel [88ms]
2024-12-29 11:05:09.367 [info] fatal: not a git repository (or any parent up to mount point /)
Stopping at filesystem boundary (GIT_DISCOVERY_ACROSS_FILESYSTEM not set).
2024-12-29 11:05:09.395 [info] > git rev-parse --show-toplevel [5ms]
2024-12-29 11:05:09.395 [info] fatal: not a git repository (or any parent up to mount point /)
Stopping at filesystem boundary (GIT_DISCOVERY_ACROSS_FILESYSTEM not set).
2024-12-29 11:05:09.411 [info] > git rev-parse --show-toplevel [8ms]
2024-12-29 11:05:09.411 [info] fatal: not a git repository (or any parent up to mount point /)
Stopping at filesystem boundary (GIT_DISCOVERY_ACROSS_FILESYSTEM not set).
2024-12-29 11:05:09.477 [info] > git rev-parse --show-toplevel [57ms]
2024-12-29 11:05:09.477 [info] fatal: not a git repository (or any parent up to mount point /)
Stopping at filesystem boundary (GIT_DISCOVERY_ACROSS_FILESYSTEM not set).
2024-12-29 11:05:09.886 [info] > git rev-parse --show-toplevel [314ms]
2024-12-29 11:05:09.887 [info] fatal: not a git repository (or any parent up to mount point /)
Stopping at filesystem boundary (GIT_DISCOVERY_ACROSS_FILESYSTEM not set).
2024-12-29 11:05:09.924 [info] > git rev-parse --show-toplevel [28ms]
2024-12-29 11:05:09.924 [info] fatal: not a git repository (or any parent up to mount point /)
Stopping at filesystem boundary (GIT_DISCOVERY_ACROSS_FILESYSTEM not set).
2024-12-29 11:05:09.936 [info] > git rev-parse --show-toplevel [4ms]
2024-12-29 11:05:09.936 [info] fatal: not a git repository (or any parent up to mount point /)
Stopping at filesystem boundary (GIT_DISCOVERY_ACROSS_FILESYSTEM not set).
2024-12-29 11:05:09.947 [info] > git rev-parse --show-toplevel [3ms]
2024-12-29 11:05:09.947 [info] fatal: not a git repository (or any parent up to mount point /)
Stopping at filesystem boundary (GIT_DISCOVERY_ACROSS_FILESYSTEM not set).
2024-12-29 11:05:09.948 [info] [Model][doInitialScan] Initial repository scan completed - repositories (0), closed repositories (0), parent repositories (0), unsafe repositories (0)
2024-12-29 11:15:54.877 [info] > git rev-parse --show-toplevel [6ms]
2024-12-29 11:15:54.878 [info] fatal: not a git repository (or any parent up to mount point /)
Stopping at filesystem boundary (GIT_DISCOVERY_ACROSS_FILESYSTEM not set).
2024-12-29 11:15:56.155 [info] > git rev-parse --show-toplevel [4ms]
2024-12-29 11:15:56.155 [info] fatal: not a git repository (or any parent up to mount point /)
Stopping at filesystem boundary (GIT_DISCOVERY_ACROSS_FILESYSTEM not set).
