Initializing document watcher...
Document watcher initialized
g65050972/k8s/02-apache-deployment.yaml: {}
g65050972/k8s/02-apache-deployment.yaml: Using EditorConfig core...
g65050972/k8s/02-apache-service.yaml: {}
g65050972/k8s/02-apache-service.yaml: {}
g65050972/k8s/02-apache-service.yaml: Using EditorConfig core...
g65050972/k8s/02-apache-service.yaml: Using EditorConfig core...
g65050972/k8s/02-apache-deployment.yaml: {}
g65050972/k8s/02-apache-deployment.yaml: Using EditorConfig core...
g65050972/k8s/02-apache-service.yaml: {}
g65050972/k8s/02-apache-deployment.yaml: {}
g65050972/k8s/01-pod.yaml: {}
g65050972/k8s/02-apache-deployment.yaml: {}
g65050972/k8s/02-apache-service.yaml: {}
g65050972/k8s/02-apache-deployment.yaml: {}
g65050972/k8s/01-pod.yaml: {}
g65050972/k8s/02-apache-deployment.yaml: {}
g65050972/k8s/02-apache-service.yaml: {}
g65050972/k8s/02-apache-deployment.yaml: {}
g65050972/k8s/02-apache-deployment.yaml: {}
g65050972/k8s/02-apache-service.yaml: {}
g65050972/k8s/02-apache-service.yaml: {}
g65050972/k8s/02-apache-service.yaml: {}
g65050972/k8s/02-apache-service.yaml: {}
g65050972/k8s/02-apache-service.yaml: {}
g65050972/k8s/02-apache-service.yaml: {}
g65050972/k8s/02-apache-service.yaml: {}
g65050972/k8s/02-apache-service.yaml: {}
g65050972/k8s/02-apache-service.yaml: {}
g65050972/ratings/k8s/ratings-deployment.yaml: {}
g65050972/ratings/k8s/ratings-deployment.yaml: {}
g65050972/ratings/k8s/ratings-deployment.yaml: Using EditorConfig core...
g65050972/ratings/k8s/ratings-ingress.yaml: {}
g65050972/ratings/k8s/ratings-ingress.yaml: {}
g65050972/ratings/k8s/ratings-service.yaml: {}
g65050972/ratings/k8s/ratings-service.yaml: Using EditorConfig core...
g65050972/ratings/k8s/ratings-ingress.yaml: {}
g65050972/ratings/k8s/ratings-ingress.yaml: {}
g65050972/ratings/k8s/ratings-ingress.yaml: Using EditorConfig core...
g65050972/ratings/k8s/ratings-ingress.yaml: {}
g65050972/ratings/k8s/ratings-ingress.yaml: {}
g65050972/ratings/k8s/ratings-ingress.yaml: {}
g65050972/ratings/k8s/ratings-deployment.yaml: {}
g65050972/ratings/k8s/ratings-deployment.yaml: {}
g65050972/ratings/k8s/ratings-deployment.yaml: Using EditorConfig core...
g65050972/ratings/k8s/ratings-deployment.yaml: {}
g65050972/ratings/k8s/ratings-deployment.yaml: Using EditorConfig core...
g65050972/ratings/k8s/ratings-deployment.yaml: Using EditorConfig core...
g65050972/ratings/k8s/ratings-ingress.yaml: {}
g65050972/ratings/k8s/ratings-ingress.yaml: Using EditorConfig core...
g65050972/ratings/k8s/ratings-service.yaml: {}
g65050972/ratings/k8s/ratings-service.yaml: Using EditorConfig core...
g65050972/ratings/k8s/ratings-ingress.yaml: {}
g65050972/ratings/k8s/ratings-deployment.yaml: {}
g65050972/ratings/k8s/ratings-ingress.yaml: {}
g65050972/ratings/k8s/ratings-service.yaml: {}
g65050972/ratings/k8s/ratings-ingress.yaml: {}
g65050972/ratings/k8s/ratings-deployment.yaml: {}
g65050972/ratings/k8s/ratings-deployment.yaml: {}
g65050972/ratings/k8s/ratings-deployment.yaml: {}
g65050972/ratings/k8s/ratings-ingress.yaml: {}
g65050972/ratings/k8s/ratings-ingress.yaml: {}
g65050972/ratings/k8s/ratings-ingress.yaml: {}
g65050972/ratings/k8s/ratings-ingress.yaml: {}
g65050972/ratings/k8s/ratings-ingress.yaml: {}
g65050972/ratings/k8s/ratings-service.yaml: {}
g65050972/ratings/k8s/ratings-ingress.yaml: {}
g65050972/ratings/k8s/ratings-ingress.yaml: {}
g65050972/ratings/k8s/ratings-ingress.yaml: Using EditorConfig core...
g65050972/ratings/k8s/ratings-service.yaml: {}
g65050972/ratings/k8s/ratings-ingress.yaml: {}
g65050972/ratings/k8s/ratings-deployment.yaml: {}
g65050972/ratings/k8s/ratings-ingress.yaml: {}
g65050972/ratings/k8s/ratings-service.yaml: {}
g65050972/ratings/k8s/ratings-ingress.yaml: {}
g65050972/ratings/k8s/ratings-deployment.yaml: {}
g65050972/ratings/k8s/ratings-ingress.yaml: {}
g65050972/ratings/k8s/ratings-ingress.yaml: Using EditorConfig core...
g65050972/ratings/k8s/ratings-ingress.yaml: {}
g65050972/ratings/k8s/ratings-ingress.yaml: {}
g65050972/ratings/k8s/ratings-ingress.yaml: {}
g65050972/ratings/k8s/ratings-ingress.yaml: {}
g65050972/ratings/k8s/ratings-ingress.yaml: {}
g65050972/ratings/k8s/ratings-ingress.yaml: {}
g65050972/ratings/k8s/ratings-ingress.yaml: {}
g65050972/ratings/k8s/ratings-ingress.yaml: {}
g65050972/ratings/k8s/ratings-ingress.yaml: {}
g65050972/ratings/k8s/ratings-ingress.yaml: {}
g65050972/ratings/k8s/ratings-ingress.yaml: {}
g65050972/ratings/k8s/ratings-ingress.yaml: {}
g65050972/ratings/k8s/ratings-ingress.yaml: {}
g65050972/ratings/k8s/ratings-ingress.yaml: {}
g65050972/ratings/k8s/ratings-ingress.yaml: {}
g65050972/ratings/k8s/ratings-ingress.yaml: {}
g65050972/ratings/k8s/ratings-ingress.yaml: {}
g65050972/ratings/k8s/ratings-ingress.yaml: {}
g65050972/ratings/k8s/ratings-ingress.yaml: {}
g65050972/ratings/k8s/ratings-ingress.yaml: {}
g65050972/ratings/k8s/ratings-ingress.yaml: {}
g65050972/ratings/k8s/ratings-ingress.yaml: {}
g65050972/ratings/k8s/ratings-ingress.yaml: {}
g65050972/ratings/k8s/ratings-ingress.yaml: {}
g65050972/ratings/k8s/ratings-ingress.yaml: {}
g65050972/ratings/k8s/ratings-ingress.yaml: {}
g65050972/ratings/k8s/ratings-ingress.yaml: {}
g65050972/ratings/k8s/ratings-ingress.yaml: {}
g65050972/ratings/k8s/ratings-ingress.yaml: {}
g65050972/ratings/k8s/ratings-ingress.yaml: {}
g65050972/ratings/k8s/ratings-ingress.yaml: {}
g65050972/ratings/k8s/ratings-ingress.yaml: {}
