2024-12-29 11:56:21.366 [info] [main] Log level: Info
2024-12-29 11:56:21.366 [info] [main] Validating found git in: "git"
2024-12-29 11:56:21.366 [info] [main] Using git "2.43.0" from "git"
2024-12-29 11:56:21.366 [info] [Model][doInitialScan] Initial repository scan started
2024-12-29 11:56:21.366 [info] > git rev-parse --show-toplevel [2716ms]
2024-12-29 11:56:21.366 [info] fatal: not a git repository (or any parent up to mount point /)
Stopping at filesystem boundary (GIT_DISCOVERY_ACROSS_FILESYSTEM not set).
2024-12-29 11:56:21.366 [info] > git rev-parse --show-toplevel [183ms]
2024-12-29 11:56:21.367 [info] fatal: not a git repository (or any parent up to mount point /)
Stopping at filesystem boundary (GIT_DISCOVERY_ACROSS_FILESYSTEM not set).
2024-12-29 11:56:21.370 [info] > git rev-parse --show-toplevel [17ms]
2024-12-29 11:56:21.370 [info] fatal: not a git repository (or any parent up to mount point /)
Stopping at filesystem boundary (GIT_DISCOVERY_ACROSS_FILESYSTEM not set).
2024-12-29 11:56:21.450 [info] > git rev-parse --show-toplevel [67ms]
2024-12-29 11:56:21.450 [info] fatal: not a git repository (or any parent up to mount point /)
Stopping at filesystem boundary (GIT_DISCOVERY_ACROSS_FILESYSTEM not set).
2024-12-29 11:56:21.700 [info] > git rev-parse --show-toplevel [241ms]
2024-12-29 11:56:21.703 [info] fatal: not a git repository (or any parent up to mount point /)
Stopping at filesystem boundary (GIT_DISCOVERY_ACROSS_FILESYSTEM not set).
2024-12-29 11:56:21.734 [info] > git rev-parse --show-toplevel [3ms]
2024-12-29 11:56:21.734 [info] fatal: not a git repository (or any parent up to mount point /)
Stopping at filesystem boundary (GIT_DISCOVERY_ACROSS_FILESYSTEM not set).
2024-12-29 11:56:21.849 [info] > git rev-parse --show-toplevel [85ms]
2024-12-29 11:56:21.849 [info] fatal: not a git repository (or any parent up to mount point /)
Stopping at filesystem boundary (GIT_DISCOVERY_ACROSS_FILESYSTEM not set).
2024-12-29 11:56:21.911 [info] > git rev-parse --show-toplevel [27ms]
2024-12-29 11:56:21.911 [info] fatal: not a git repository (or any parent up to mount point /)
Stopping at filesystem boundary (GIT_DISCOVERY_ACROSS_FILESYSTEM not set).
2024-12-29 11:56:21.948 [info] > git rev-parse --show-toplevel [11ms]
2024-12-29 11:56:21.948 [info] fatal: not a git repository (or any parent up to mount point /)
Stopping at filesystem boundary (GIT_DISCOVERY_ACROSS_FILESYSTEM not set).
2024-12-29 11:56:21.962 [info] > git rev-parse --show-toplevel [6ms]
2024-12-29 11:56:21.962 [info] fatal: not a git repository (or any parent up to mount point /)
Stopping at filesystem boundary (GIT_DISCOVERY_ACROSS_FILESYSTEM not set).
2024-12-29 11:56:21.975 [info] > git rev-parse --show-toplevel [3ms]
2024-12-29 11:56:21.975 [info] fatal: not a git repository (or any parent up to mount point /)
Stopping at filesystem boundary (GIT_DISCOVERY_ACROSS_FILESYSTEM not set).
2024-12-29 11:56:21.994 [info] > git rev-parse --show-toplevel [10ms]
2024-12-29 11:56:21.994 [info] fatal: not a git repository (or any parent up to mount point /)
Stopping at filesystem boundary (GIT_DISCOVERY_ACROSS_FILESYSTEM not set).
2024-12-29 11:56:21.996 [info] [Model][doInitialScan] Initial repository scan completed - repositories (0), closed repositories (0), parent repositories (0), unsafe repositories (0)
2024-12-29 11:56:24.737 [info] > git rev-parse --show-toplevel [9ms]
2024-12-29 11:56:24.737 [info] fatal: not a git repository (or any parent up to mount point /)
Stopping at filesystem boundary (GIT_DISCOVERY_ACROSS_FILESYSTEM not set).
2024-12-29 11:56:33.652 [info] > git rev-parse --show-toplevel [4ms]
2024-12-29 11:56:33.652 [info] fatal: not a git repository (or any parent up to mount point /)
Stopping at filesystem boundary (GIT_DISCOVERY_ACROSS_FILESYSTEM not set).
2024-12-29 11:56:35.498 [info] > git rev-parse --show-toplevel [7ms]
2024-12-29 11:56:35.498 [info] fatal: not a git repository (or any parent up to mount point /)
Stopping at filesystem boundary (GIT_DISCOVERY_ACROSS_FILESYSTEM not set).
2024-12-29 11:56:36.290 [info] > git rev-parse --show-toplevel [2ms]
2024-12-29 11:56:36.290 [info] fatal: not a git repository (or any parent up to mount point /)
Stopping at filesystem boundary (GIT_DISCOVERY_ACROSS_FILESYSTEM not set).
2024-12-29 11:56:37.157 [info] > git rev-parse --show-toplevel [4ms]
2024-12-29 11:56:37.157 [info] fatal: not a git repository (or any parent up to mount point /)
Stopping at filesystem boundary (GIT_DISCOVERY_ACROSS_FILESYSTEM not set).
2024-12-29 11:56:37.864 [info] > git rev-parse --show-toplevel [6ms]
2024-12-29 11:56:37.864 [info] fatal: not a git repository (or any parent up to mount point /)
Stopping at filesystem boundary (GIT_DISCOVERY_ACROSS_FILESYSTEM not set).
2024-12-29 11:56:38.376 [info] > git rev-parse --show-toplevel [3ms]
2024-12-29 11:56:38.376 [info] fatal: not a git repository (or any parent up to mount point /)
Stopping at filesystem boundary (GIT_DISCOVERY_ACROSS_FILESYSTEM not set).
2024-12-29 11:56:39.296 [info] > git rev-parse --show-toplevel [5ms]
2024-12-29 11:56:39.296 [info] fatal: not a git repository (or any parent up to mount point /)
Stopping at filesystem boundary (GIT_DISCOVERY_ACROSS_FILESYSTEM not set).
2024-12-29 11:56:39.953 [info] > git rev-parse --show-toplevel [3ms]
2024-12-29 11:56:39.953 [info] fatal: not a git repository (or any parent up to mount point /)
Stopping at filesystem boundary (GIT_DISCOVERY_ACROSS_FILESYSTEM not set).
2024-12-29 11:56:41.576 [info] > git rev-parse --show-toplevel [3ms]
2024-12-29 11:56:41.576 [info] fatal: not a git repository (or any parent up to mount point /)
Stopping at filesystem boundary (GIT_DISCOVERY_ACROSS_FILESYSTEM not set).
2024-12-29 11:56:42.212 [info] > git rev-parse --show-toplevel [3ms]
2024-12-29 11:56:42.212 [info] fatal: not a git repository (or any parent up to mount point /)
Stopping at filesystem boundary (GIT_DISCOVERY_ACROSS_FILESYSTEM not set).
2024-12-29 11:56:43.673 [info] > git rev-parse --show-toplevel [6ms]
2024-12-29 11:56:43.674 [info] fatal: not a git repository (or any parent up to mount point /)
Stopping at filesystem boundary (GIT_DISCOVERY_ACROSS_FILESYSTEM not set).
2024-12-29 11:56:48.124 [info] > git rev-parse --show-toplevel [3ms]
2024-12-29 11:56:48.124 [info] fatal: not a git repository (or any parent up to mount point /)
Stopping at filesystem boundary (GIT_DISCOVERY_ACROSS_FILESYSTEM not set).
2024-12-29 12:20:20.223 [info] > git rev-parse --show-toplevel [7ms]
2024-12-29 12:20:20.223 [info] fatal: not a git repository (or any parent up to mount point /)
Stopping at filesystem boundary (GIT_DISCOVERY_ACROSS_FILESYSTEM not set).
2024-12-29 12:20:31.653 [info] > git rev-parse --show-toplevel [7ms]
2024-12-29 12:20:31.653 [info] fatal: not a git repository (or any parent up to mount point /)
Stopping at filesystem boundary (GIT_DISCOVERY_ACROSS_FILESYSTEM not set).
2024-12-29 12:20:38.991 [info] > git rev-parse --show-toplevel [7ms]
2024-12-29 12:20:38.991 [info] fatal: not a git repository (or any parent up to mount point /)
Stopping at filesystem boundary (GIT_DISCOVERY_ACROSS_FILESYSTEM not set).
2024-12-29 12:20:43.812 [info] > git rev-parse --show-toplevel [4ms]
2024-12-29 12:20:43.813 [info] fatal: not a git repository (or any parent up to mount point /)
Stopping at filesystem boundary (GIT_DISCOVERY_ACROSS_FILESYSTEM not set).
2024-12-29 12:22:07.553 [info] > git rev-parse --show-toplevel [22ms]
2024-12-29 12:22:07.553 [info] fatal: not a git repository (or any parent up to mount point /)
Stopping at filesystem boundary (GIT_DISCOVERY_ACROSS_FILESYSTEM not set).
2024-12-29 12:22:35.519 [info] > git rev-parse --show-toplevel [2ms]
2024-12-29 12:22:35.519 [info] fatal: not a git repository (or any parent up to mount point /)
Stopping at filesystem boundary (GIT_DISCOVERY_ACROSS_FILESYSTEM not set).
2024-12-29 12:22:36.736 [info] > git rev-parse --show-toplevel [3ms]
2024-12-29 12:22:36.736 [info] fatal: not a git repository (or any parent up to mount point /)
Stopping at filesystem boundary (GIT_DISCOVERY_ACROSS_FILESYSTEM not set).
2024-12-29 12:22:37.917 [info] > git rev-parse --show-toplevel [3ms]
2024-12-29 12:22:37.917 [info] fatal: not a git repository (or any parent up to mount point /)
Stopping at filesystem boundary (GIT_DISCOVERY_ACROSS_FILESYSTEM not set).
2024-12-29 12:22:40.730 [info] > git rev-parse --show-toplevel [2ms]
2024-12-29 12:22:40.731 [info] fatal: not a git repository (or any parent up to mount point /)
Stopping at filesystem boundary (GIT_DISCOVERY_ACROSS_FILESYSTEM not set).
2024-12-29 12:22:41.898 [info] > git rev-parse --show-toplevel [5ms]
2024-12-29 12:22:41.898 [info] fatal: not a git repository (or any parent up to mount point /)
Stopping at filesystem boundary (GIT_DISCOVERY_ACROSS_FILESYSTEM not set).
2024-12-29 12:22:42.567 [info] > git rev-parse --show-toplevel [4ms]
2024-12-29 12:22:42.567 [info] fatal: not a git repository (or any parent up to mount point /)
Stopping at filesystem boundary (GIT_DISCOVERY_ACROSS_FILESYSTEM not set).
2024-12-29 12:22:46.263 [info] > git rev-parse --show-toplevel [6ms]
2024-12-29 12:22:46.263 [info] fatal: not a git repository (or any parent up to mount point /)
Stopping at filesystem boundary (GIT_DISCOVERY_ACROSS_FILESYSTEM not set).
2024-12-29 12:22:46.777 [info] > git rev-parse --show-toplevel [3ms]
2024-12-29 12:22:46.777 [info] fatal: not a git repository (or any parent up to mount point /)
Stopping at filesystem boundary (GIT_DISCOVERY_ACROSS_FILESYSTEM not set).
2024-12-29 12:24:33.451 [info] > git rev-parse --show-toplevel [4ms]
2024-12-29 12:24:33.451 [info] fatal: not a git repository (or any parent up to mount point /)
Stopping at filesystem boundary (GIT_DISCOVERY_ACROSS_FILESYSTEM not set).
2024-12-29 12:25:25.199 [info] > git rev-parse --show-toplevel [3ms]
2024-12-29 12:25:25.199 [info] fatal: not a git repository (or any parent up to mount point /)
Stopping at filesystem boundary (GIT_DISCOVERY_ACROSS_FILESYSTEM not set).
2024-12-29 12:25:25.936 [info] > git rev-parse --show-toplevel [2ms]
2024-12-29 12:25:25.937 [info] fatal: not a git repository (or any parent up to mount point /)
Stopping at filesystem boundary (GIT_DISCOVERY_ACROSS_FILESYSTEM not set).
2024-12-29 12:26:06.964 [info] > git rev-parse --show-toplevel [3ms]
2024-12-29 12:26:06.964 [info] fatal: not a git repository (or any parent up to mount point /)
Stopping at filesystem boundary (GIT_DISCOVERY_ACROSS_FILESYSTEM not set).
2024-12-29 12:26:07.612 [info] > git rev-parse --show-toplevel [3ms]
2024-12-29 12:26:07.612 [info] fatal: not a git repository (or any parent up to mount point /)
Stopping at filesystem boundary (GIT_DISCOVERY_ACROSS_FILESYSTEM not set).
2024-12-29 12:26:08.399 [info] > git rev-parse --show-toplevel [5ms]
2024-12-29 12:26:08.399 [info] fatal: not a git repository (or any parent up to mount point /)
Stopping at filesystem boundary (GIT_DISCOVERY_ACROSS_FILESYSTEM not set).
2024-12-29 12:26:10.382 [info] > git rev-parse --show-toplevel [3ms]
2024-12-29 12:26:10.382 [info] fatal: not a git repository (or any parent up to mount point /)
Stopping at filesystem boundary (GIT_DISCOVERY_ACROSS_FILESYSTEM not set).
2024-12-29 12:26:11.278 [info] > git rev-parse --show-toplevel [3ms]
2024-12-29 12:26:11.278 [info] fatal: not a git repository (or any parent up to mount point /)
Stopping at filesystem boundary (GIT_DISCOVERY_ACROSS_FILESYSTEM not set).
2024-12-29 12:26:11.971 [info] > git rev-parse --show-toplevel [3ms]
2024-12-29 12:26:11.971 [info] fatal: not a git repository (or any parent up to mount point /)
Stopping at filesystem boundary (GIT_DISCOVERY_ACROSS_FILESYSTEM not set).
2024-12-29 12:26:12.701 [info] > git rev-parse --show-toplevel [2ms]
2024-12-29 12:26:12.702 [info] fatal: not a git repository (or any parent up to mount point /)
Stopping at filesystem boundary (GIT_DISCOVERY_ACROSS_FILESYSTEM not set).
2024-12-29 12:26:15.163 [info] > git rev-parse --show-toplevel [3ms]
2024-12-29 12:26:15.163 [info] fatal: not a git repository (or any parent up to mount point /)
Stopping at filesystem boundary (GIT_DISCOVERY_ACROSS_FILESYSTEM not set).
