2024-12-29 18:52:58.499 [info] Extension host with pid 15699 started
2024-12-29 18:52:58.538 [info] Lock '/home/g65050972/.codeoss/data/User/workspaceStorage/3158cc93/vscode.lock': Lock acquired.
2024-12-29 18:52:58.618 [info] ExtensionService#_doActivateExtension redhat.vscode-yaml, startup: false, activationEvent: 'onLanguage:yaml'
2024-12-29 18:52:58.621 [info] ExtensionService#_doActivateExtension vscode.emmet, startup: false, activationEvent: 'onLanguage'
2024-12-29 18:52:59.074 [info] ExtensionService#_doActivateExtension vscode.git-base, startup: true, activationEvent: '*', root cause: vscode.git
2024-12-29 18:52:59.138 [info] ExtensionService#_doActivateExtension vscode.git, startup: true, activationEvent: '*'
2024-12-29 18:52:59.139 [info] ExtensionService#_doActivateExtension vscode.github, startup: true, activationEvent: '*'
2024-12-29 18:52:59.600 [info] Eager extensions activated
2024-12-29 18:52:59.603 [info] ExtensionService#_doActivateExtension EditorConfig.EditorConfig, startup: false, activationEvent: 'onStartupFinished'
2024-12-29 18:52:59.605 [info] ExtensionService#_doActivateExtension google.cloud-shell, startup: false, activationEvent: 'onStartupFinished'
2024-12-29 18:52:59.606 [info] ExtensionService#_doActivateExtension googlecloudtools.cloudcode, startup: false, activationEvent: 'onStartupFinished'
2024-12-29 18:52:59.607 [info] ExtensionService#_doActivateExtension vscode.debug-auto-launch, startup: false, activationEvent: 'onStartupFinished'
2024-12-29 18:52:59.608 [info] ExtensionService#_doActivateExtension vscode.merge-conflict, startup: false, activationEvent: 'onStartupFinished'
2024-12-29 18:53:02.492 [warning] [redhat.vscode-yaml] Accessing a resource scoped configuration without providing a resource is not expected. To get the effective value for '[yaml]', provide the URI of a resource or 'null' for any resource.
2024-12-29 18:53:02.525 [warning] [redhat.vscode-yaml] Accessing a resource scoped configuration without providing a resource is not expected. To get the effective value for '[yaml]', provide the URI of a resource or 'null' for any resource.
2024-12-29 18:53:02.843 [info] ExtensionService#_doActivateExtension vscode.configuration-editing, startup: false, activationEvent: 'onLanguage:jsonc'
2024-12-29 18:53:02.843 [info] ExtensionService#_doActivateExtension vscode.json-language-features, startup: false, activationEvent: 'onLanguage:jsonc'
2024-12-29 18:53:02.844 [info] ExtensionService#_doActivateExtension vscode.typescript-language-features, startup: false, activationEvent: 'onLanguage:jsonc'
2024-12-29 19:43:57.766 [info] Extension host terminating: renderer disconnected for too long (2)
2024-12-29 19:43:57.768 [info] Lock '/home/g65050972/.codeoss/data/User/workspaceStorage/3158cc93/vscode.lock': Marking the lockfile as scheduled to be released in 6000 ms.
2024-12-29 19:43:57.812 [info] Extension host with pid 15699 exiting with code 0
