2024-12-29 15:10:36.733 [info] [main] Log level: Info
2024-12-29 15:10:36.733 [info] [main] Validating found git in: "git"
2024-12-29 15:10:36.733 [info] [main] Using git "2.43.0" from "git"
2024-12-29 15:10:36.733 [info] [Model][doInitialScan] Initial repository scan started
2024-12-29 15:10:36.733 [info] > git rev-parse --show-toplevel [4ms]
2024-12-29 15:10:36.733 [info] fatal: not a git repository (or any parent up to mount point /)
Stopping at filesystem boundary (GIT_DISCOVERY_ACROSS_FILESYSTEM not set).
2024-12-29 15:10:36.739 [info] > git rev-parse --show-toplevel [2ms]
2024-12-29 15:10:36.739 [info] fatal: not a git repository (or any parent up to mount point /)
Stopping at filesystem boundary (GIT_DISCOVERY_ACROSS_FILESYSTEM not set).
2024-12-29 15:10:36.745 [info] > git rev-parse --show-toplevel [1ms]
2024-12-29 15:10:36.745 [info] fatal: not a git repository (or any parent up to mount point /)
Stopping at filesystem boundary (GIT_DISCOVERY_ACROSS_FILESYSTEM not set).
2024-12-29 15:10:36.750 [info] > git rev-parse --show-toplevel [2ms]
2024-12-29 15:10:36.750 [info] fatal: not a git repository (or any parent up to mount point /)
Stopping at filesystem boundary (GIT_DISCOVERY_ACROSS_FILESYSTEM not set).
2024-12-29 15:10:36.755 [info] > git rev-parse --show-toplevel [2ms]
2024-12-29 15:10:36.755 [info] fatal: not a git repository (or any parent up to mount point /)
Stopping at filesystem boundary (GIT_DISCOVERY_ACROSS_FILESYSTEM not set).
2024-12-29 15:10:36.760 [info] > git rev-parse --show-toplevel [2ms]
2024-12-29 15:10:36.760 [info] fatal: not a git repository (or any parent up to mount point /)
Stopping at filesystem boundary (GIT_DISCOVERY_ACROSS_FILESYSTEM not set).
2024-12-29 15:10:36.765 [info] > git rev-parse --show-toplevel [1ms]
2024-12-29 15:10:36.766 [info] fatal: not a git repository (or any parent up to mount point /)
Stopping at filesystem boundary (GIT_DISCOVERY_ACROSS_FILESYSTEM not set).
2024-12-29 15:10:36.771 [info] > git rev-parse --show-toplevel [2ms]
2024-12-29 15:10:36.771 [info] fatal: not a git repository (or any parent up to mount point /)
Stopping at filesystem boundary (GIT_DISCOVERY_ACROSS_FILESYSTEM not set).
2024-12-29 15:10:36.778 [info] > git rev-parse --show-toplevel [3ms]
2024-12-29 15:10:36.778 [info] fatal: not a git repository (or any parent up to mount point /)
Stopping at filesystem boundary (GIT_DISCOVERY_ACROSS_FILESYSTEM not set).
2024-12-29 15:10:36.778 [info] [Model][doInitialScan] Initial repository scan completed - repositories (0), closed repositories (0), parent repositories (0), unsafe repositories (0)
2024-12-29 15:10:40.306 [info] > git rev-parse --show-toplevel [143ms]
2024-12-29 15:10:40.306 [info] fatal: not a git repository (or any parent up to mount point /)
Stopping at filesystem boundary (GIT_DISCOVERY_ACROSS_FILESYSTEM not set).
2024-12-29 15:12:58.473 [info] > git rev-parse --show-toplevel [5ms]
2024-12-29 15:12:58.474 [info] fatal: not a git repository (or any parent up to mount point /)
Stopping at filesystem boundary (GIT_DISCOVERY_ACROSS_FILESYSTEM not set).
2024-12-29 15:13:36.979 [info] > git rev-parse --show-toplevel [7ms]
2024-12-29 15:13:36.979 [info] fatal: not a git repository (or any parent up to mount point /)
Stopping at filesystem boundary (GIT_DISCOVERY_ACROSS_FILESYSTEM not set).
2024-12-29 15:18:58.729 [info] > git rev-parse --show-toplevel [8ms]
2024-12-29 15:18:58.729 [info] fatal: not a git repository (or any parent up to mount point /)
Stopping at filesystem boundary (GIT_DISCOVERY_ACROSS_FILESYSTEM not set).
2024-12-29 15:19:33.027 [info] > git rev-parse --show-toplevel [6ms]
2024-12-29 15:19:33.027 [info] fatal: not a git repository (or any parent up to mount point /)
Stopping at filesystem boundary (GIT_DISCOVERY_ACROSS_FILESYSTEM not set).
2024-12-29 15:20:02.159 [info] > git rev-parse --show-toplevel [4ms]
2024-12-29 15:20:02.159 [info] fatal: not a git repository (or any parent up to mount point /)
Stopping at filesystem boundary (GIT_DISCOVERY_ACROSS_FILESYSTEM not set).
2024-12-29 15:25:28.313 [info] > git rev-parse --show-toplevel [8ms]
2024-12-29 15:25:28.313 [info] fatal: not a git repository (or any parent up to mount point /)
Stopping at filesystem boundary (GIT_DISCOVERY_ACROSS_FILESYSTEM not set).
2024-12-29 15:25:29.371 [info] > git rev-parse --show-toplevel [10ms]
2024-12-29 15:25:29.371 [info] fatal: not a git repository (or any parent up to mount point /)
Stopping at filesystem boundary (GIT_DISCOVERY_ACROSS_FILESYSTEM not set).
2024-12-29 15:30:43.704 [info] > git rev-parse --show-toplevel [4ms]
2024-12-29 15:30:43.704 [info] fatal: not a git repository (or any parent up to mount point /)
Stopping at filesystem boundary (GIT_DISCOVERY_ACROSS_FILESYSTEM not set).
2024-12-29 15:34:57.693 [info] > git rev-parse --show-toplevel [6ms]
2024-12-29 15:34:57.693 [info] fatal: not a git repository (or any parent up to mount point /)
Stopping at filesystem boundary (GIT_DISCOVERY_ACROSS_FILESYSTEM not set).
2024-12-29 15:34:58.995 [info] > git rev-parse --show-toplevel [7ms]
2024-12-29 15:34:58.995 [info] fatal: not a git repository (or any parent up to mount point /)
Stopping at filesystem boundary (GIT_DISCOVERY_ACROSS_FILESYSTEM not set).
2024-12-29 15:42:38.458 [info] > git rev-parse --show-toplevel [4ms]
2024-12-29 15:42:38.458 [info] fatal: not a git repository (or any parent up to mount point /)
Stopping at filesystem boundary (GIT_DISCOVERY_ACROSS_FILESYSTEM not set).
2024-12-29 15:44:00.366 [info] > git rev-parse --show-toplevel [4ms]
2024-12-29 15:44:00.366 [info] fatal: not a git repository (or any parent up to mount point /)
Stopping at filesystem boundary (GIT_DISCOVERY_ACROSS_FILESYSTEM not set).
2024-12-29 15:44:06.888 [info] > git rev-parse --show-toplevel [5ms]
2024-12-29 15:44:06.888 [info] fatal: not a git repository (or any parent up to mount point /)
Stopping at filesystem boundary (GIT_DISCOVERY_ACROSS_FILESYSTEM not set).
2024-12-29 15:44:09.734 [info] > git rev-parse --show-toplevel [5ms]
2024-12-29 15:44:09.734 [info] fatal: not a git repository (or any parent up to mount point /)
Stopping at filesystem boundary (GIT_DISCOVERY_ACROSS_FILESYSTEM not set).
2024-12-29 16:25:59.620 [info] > git rev-parse --show-toplevel [11ms]
2024-12-29 16:25:59.621 [info] fatal: not a git repository (or any parent up to mount point /)
Stopping at filesystem boundary (GIT_DISCOVERY_ACROSS_FILESYSTEM not set).
2024-12-29 16:57:09.569 [info] > git rev-parse --show-toplevel [6ms]
2024-12-29 16:57:09.569 [info] fatal: not a git repository (or any parent up to mount point /)
Stopping at filesystem boundary (GIT_DISCOVERY_ACROSS_FILESYSTEM not set).
2024-12-29 17:28:25.677 [info] > git rev-parse --show-toplevel [8ms]
2024-12-29 17:28:25.678 [info] fatal: not a git repository (or any parent up to mount point /)
Stopping at filesystem boundary (GIT_DISCOVERY_ACROSS_FILESYSTEM not set).
2024-12-29 17:41:52.352 [info] > git rev-parse --show-toplevel [4ms]
2024-12-29 17:41:52.352 [info] fatal: not a git repository (or any parent up to mount point /)
Stopping at filesystem boundary (GIT_DISCOVERY_ACROSS_FILESYSTEM not set).
2024-12-29 17:41:55.588 [info] > git rev-parse --show-toplevel [5ms]
2024-12-29 17:41:55.588 [info] fatal: not a git repository (or any parent up to mount point /)
Stopping at filesystem boundary (GIT_DISCOVERY_ACROSS_FILESYSTEM not set).
2024-12-29 17:44:26.480 [info] > git rev-parse --show-toplevel [7ms]
2024-12-29 17:44:26.481 [info] fatal: not a git repository (or any parent up to mount point /)
Stopping at filesystem boundary (GIT_DISCOVERY_ACROSS_FILESYSTEM not set).
2024-12-29 17:44:27.064 [info] > git rev-parse --show-toplevel [4ms]
2024-12-29 17:44:27.064 [info] fatal: not a git repository (or any parent up to mount point /)
Stopping at filesystem boundary (GIT_DISCOVERY_ACROSS_FILESYSTEM not set).
2024-12-29 17:56:20.991 [info] > git rev-parse --show-toplevel [3ms]
2024-12-29 17:56:20.991 [info] fatal: not a git repository (or any parent up to mount point /)
Stopping at filesystem boundary (GIT_DISCOVERY_ACROSS_FILESYSTEM not set).
2024-12-29 17:56:21.548 [info] > git rev-parse --show-toplevel [4ms]
2024-12-29 17:56:21.548 [info] fatal: not a git repository (or any parent up to mount point /)
Stopping at filesystem boundary (GIT_DISCOVERY_ACROSS_FILESYSTEM not set).
2024-12-29 17:56:22.119 [info] > git rev-parse --show-toplevel [5ms]
2024-12-29 17:56:22.120 [info] fatal: not a git repository (or any parent up to mount point /)
Stopping at filesystem boundary (GIT_DISCOVERY_ACROSS_FILESYSTEM not set).
2024-12-29 18:38:50.978 [info] > git rev-parse --show-toplevel [8ms]
2024-12-29 18:38:50.978 [info] fatal: not a git repository (or any parent up to mount point /)
Stopping at filesystem boundary (GIT_DISCOVERY_ACROSS_FILESYSTEM not set).
