2024-12-28 20:56:50.988 [info] Extension host with pid 79945 started
2024-12-28 20:56:50.988 [error] Error: EEXIST: file already exists, open '/home/g65050972/.codeoss/data/User/workspaceStorage/3158cc93/vscode.lock'
2024-12-28 20:56:51.010 [info] Lock '/home/g65050972/.codeoss/data/User/workspaceStorage/3158cc93/vscode.lock': Could not acquire lock, checking if the file is stale.
2024-12-28 20:56:51.021 [info] Lock '/home/g65050972/.codeoss/data/User/workspaceStorage/3158cc93/vscode.lock': The lock does not look stale, elapsed: 133 ms, giving up.
2024-12-28 20:56:51.030 [error] Error: EEXIST: file already exists, open '/home/g65050972/.codeoss/data/User/workspaceStorage/3158cc93-1/vscode.lock'
2024-12-28 20:56:51.121 [info] ExtensionService#_doActivateExtension vscode.emmet, startup: false, activationEvent: 'onLanguage'
2024-12-28 20:56:51.244 [info] Lock '/home/g65050972/.codeoss/data/User/workspaceStorage/3158cc93-1/vscode.lock': Could not acquire lock, checking if the file is stale.
2024-12-28 20:56:51.254 [info] Lock '/home/g65050972/.codeoss/data/User/workspaceStorage/3158cc93-1/vscode.lock': The pid 2634 appears to be gone.
2024-12-28 20:56:51.254 [info] Lock '/home/g65050972/.codeoss/data/User/workspaceStorage/3158cc93-1/vscode.lock': Deleting a stale lock.
2024-12-28 20:56:51.398 [info] Lock '/home/g65050972/.codeoss/data/User/workspaceStorage/3158cc93-1/vscode.lock': Lock acquired.
2024-12-28 20:56:51.548 [info] ExtensionService#_doActivateExtension vscode.git-base, startup: true, activationEvent: '*', root cause: vscode.git
2024-12-28 20:56:51.638 [info] ExtensionService#_doActivateExtension vscode.git, startup: true, activationEvent: '*'
2024-12-28 20:56:51.640 [info] ExtensionService#_doActivateExtension vscode.github, startup: true, activationEvent: '*'
2024-12-28 20:56:52.115 [info] Eager extensions activated
2024-12-28 20:56:52.116 [info] ExtensionService#_doActivateExtension EditorConfig.EditorConfig, startup: false, activationEvent: 'onStartupFinished'
2024-12-28 20:56:52.117 [info] ExtensionService#_doActivateExtension google.cloud-shell, startup: false, activationEvent: 'onStartupFinished'
2024-12-28 20:56:52.117 [info] ExtensionService#_doActivateExtension googlecloudtools.cloudcode, startup: false, activationEvent: 'onStartupFinished'
2024-12-28 20:56:52.118 [info] ExtensionService#_doActivateExtension vscode.debug-auto-launch, startup: false, activationEvent: 'onStartupFinished'
2024-12-28 20:56:52.119 [info] ExtensionService#_doActivateExtension vscode.merge-conflict, startup: false, activationEvent: 'onStartupFinished'
2024-12-28 20:56:55.927 [info] ExtensionService#_doActivateExtension vscode.configuration-editing, startup: false, activationEvent: 'onLanguage:jsonc'
2024-12-28 20:56:55.928 [info] ExtensionService#_doActivateExtension vscode.json-language-features, startup: false, activationEvent: 'onLanguage:jsonc'
2024-12-28 20:56:55.929 [info] ExtensionService#_doActivateExtension vscode.typescript-language-features, startup: false, activationEvent: 'onLanguage:jsonc'
