2024-12-29 15:10:36.065 [info] Extension host with pid 9327 started
2024-12-29 15:10:36.065 [error] Error: EEXIST: file already exists, open '/home/g65050972/.codeoss/data/User/workspaceStorage/3158cc93/vscode.lock'
2024-12-29 15:10:36.071 [info] Lock '/home/g65050972/.codeoss/data/User/workspaceStorage/3158cc93/vscode.lock': Could not acquire lock, checking if the file is stale.
2024-12-29 15:10:36.085 [info] Lock '/home/g65050972/.codeoss/data/User/workspaceStorage/3158cc93/vscode.lock': The lock does not look stale, elapsed: 917 ms, giving up.
2024-12-29 15:10:36.087 [error] Error: EEXIST: file already exists, open '/home/g65050972/.codeoss/data/User/workspaceStorage/3158cc93-1/vscode.lock'
2024-12-29 15:10:36.089 [info] Lock '/home/g65050972/.codeoss/data/User/workspaceStorage/3158cc93-1/vscode.lock': Could not acquire lock, checking if the file is stale.
2024-12-29 15:10:36.090 [info] Lock '/home/g65050972/.codeoss/data/User/workspaceStorage/3158cc93-1/vscode.lock': The lock does not look stale, elapsed: 566 ms, giving up.
2024-12-29 15:10:36.103 [info] Lock '/home/g65050972/.codeoss/data/User/workspaceStorage/3158cc93-2/vscode.lock': Lock acquired.
2024-12-29 15:10:36.243 [info] ExtensionService#_doActivateExtension vscode.git-base, startup: true, activationEvent: '*', root cause: vscode.git
2024-12-29 15:10:36.310 [info] ExtensionService#_doActivateExtension vscode.git, startup: true, activationEvent: '*'
2024-12-29 15:10:36.310 [info] ExtensionService#_doActivateExtension vscode.github, startup: true, activationEvent: '*'
2024-12-29 15:10:37.170 [info] Eager extensions activated
2024-12-29 15:10:37.171 [info] ExtensionService#_doActivateExtension EditorConfig.EditorConfig, startup: false, activationEvent: 'onStartupFinished'
2024-12-29 15:10:37.171 [info] ExtensionService#_doActivateExtension google.cloud-shell, startup: false, activationEvent: 'onStartupFinished'
2024-12-29 15:10:37.171 [info] ExtensionService#_doActivateExtension googlecloudtools.cloudcode, startup: false, activationEvent: 'onStartupFinished'
2024-12-29 15:10:37.172 [info] ExtensionService#_doActivateExtension vscode.debug-auto-launch, startup: false, activationEvent: 'onStartupFinished'
2024-12-29 15:10:37.172 [info] ExtensionService#_doActivateExtension vscode.merge-conflict, startup: false, activationEvent: 'onStartupFinished'
2024-12-29 15:10:39.932 [info] ExtensionService#_doActivateExtension redhat.vscode-yaml, startup: false, activationEvent: 'onLanguage:yaml'
2024-12-29 15:10:39.933 [info] ExtensionService#_doActivateExtension vscode.emmet, startup: false, activationEvent: 'onLanguage'
2024-12-29 15:10:40.454 [info] ExtensionService#_doActivateExtension vscode.configuration-editing, startup: false, activationEvent: 'onLanguage:jsonc'
2024-12-29 15:10:40.455 [info] ExtensionService#_doActivateExtension vscode.json-language-features, startup: false, activationEvent: 'onLanguage:jsonc'
2024-12-29 15:10:40.456 [info] ExtensionService#_doActivateExtension vscode.typescript-language-features, startup: false, activationEvent: 'onLanguage:jsonc'
2024-12-29 15:10:41.288 [warning] [redhat.vscode-yaml] Accessing a resource scoped configuration without providing a resource is not expected. To get the effective value for '[yaml]', provide the URI of a resource or 'null' for any resource.
2024-12-29 15:10:41.301 [warning] [redhat.vscode-yaml] Accessing a resource scoped configuration without providing a resource is not expected. To get the effective value for '[yaml]', provide the URI of a resource or 'null' for any resource.
2024-12-29 16:25:59.612 [warning] [redhat.vscode-yaml] Accessing a resource scoped configuration without providing a resource is not expected. To get the effective value for '[yaml]', provide the URI of a resource or 'null' for any resource.
2024-12-29 17:41:52.253 [info] ExtensionService#_doActivateExtension vscode.extension-editing, startup: false, activationEvent: 'onLanguage:json'
2024-12-29 17:41:52.254 [info] ExtensionService#_doActivateExtension vscode.npm, startup: false, activationEvent: 'onLanguage:json'
2024-12-29 18:57:57.147 [info] Extension host terminating: renderer disconnected for too long (2)
2024-12-29 18:57:57.149 [info] Lock '/home/g65050972/.codeoss/data/User/workspaceStorage/3158cc93-2/vscode.lock': Marking the lockfile as scheduled to be released in 6000 ms.
2024-12-29 18:57:57.191 [info] Extension host with pid 9327 exiting with code 0
