2024-12-28 19:18:23.232 [info] Extension host with pid 1898 started
2024-12-28 19:18:23.266 [info] Lock '/home/g65050972/.codeoss/data/User/workspaceStorage/3158cc93/vscode.lock': Lock acquired.
2024-12-28 19:18:23.350 [info] ExtensionService#_doActivateExtension vscode.git-base, startup: true, activationEvent: '*', root cause: vscode.git
2024-12-28 19:18:23.419 [info] ExtensionService#_doActivateExtension vscode.git, startup: true, activationEvent: '*'
2024-12-28 19:18:23.420 [info] ExtensionService#_doActivateExtension vscode.github, startup: true, activationEvent: '*'
2024-12-28 19:18:23.830 [info] Eager extensions activated
2024-12-28 19:18:23.831 [info] ExtensionService#_doActivateExtension EditorConfig.EditorConfig, startup: false, activationEvent: 'onStartupFinished'
2024-12-28 19:18:23.831 [info] ExtensionService#_doActivateExtension google.cloud-shell, startup: false, activationEvent: 'onStartupFinished'
2024-12-28 19:18:23.832 [info] ExtensionService#_doActivateExtension googlecloudtools.cloudcode, startup: false, activationEvent: 'onStartupFinished'
2024-12-28 19:18:23.832 [info] ExtensionService#_doActivateExtension vscode.debug-auto-launch, startup: false, activationEvent: 'onStartupFinished'
2024-12-28 19:18:23.833 [info] ExtensionService#_doActivateExtension vscode.merge-conflict, startup: false, activationEvent: 'onStartupFinished'
2024-12-28 19:18:26.428 [info] ExtensionService#_doActivateExtension vscode.emmet, startup: false, activationEvent: 'onLanguage'
2024-12-28 19:18:26.429 [info] ExtensionService#_doActivateExtension vscode.configuration-editing, startup: false, activationEvent: 'onLanguage:json'
2024-12-28 19:18:26.429 [info] ExtensionService#_doActivateExtension vscode.extension-editing, startup: false, activationEvent: 'onLanguage:json'
2024-12-28 19:18:26.430 [info] ExtensionService#_doActivateExtension vscode.json-language-features, startup: false, activationEvent: 'onLanguage:json'
2024-12-28 19:18:26.430 [info] ExtensionService#_doActivateExtension vscode.npm, startup: false, activationEvent: 'onLanguage:json'
2024-12-28 19:18:26.939 [info] ExtensionService#_doActivateExtension vscode.typescript-language-features, startup: false, activationEvent: 'onLanguage:jsonc'
2024-12-28 21:01:49.176 [info] Extension host terminating: renderer disconnected for too long (2)
2024-12-28 21:01:49.177 [info] Lock '/home/g65050972/.codeoss/data/User/workspaceStorage/3158cc93/vscode.lock': Marking the lockfile as scheduled to be released in 6000 ms.
2024-12-28 21:01:49.200 [info] Extension host with pid 1898 exiting with code 0
