2024-12-29 11:56:17.204 [info] Extension host with pid 2675 started
2024-12-29 11:56:17.204 [error] Error: EEXIST: file already exists, open '/home/g65050972/.codeoss/data/User/workspaceStorage/3158cc93/vscode.lock'
2024-12-29 11:56:17.237 [info] Lock '/home/g65050972/.codeoss/data/User/workspaceStorage/3158cc93/vscode.lock': Could not acquire lock, checking if the file is stale.
2024-12-29 11:56:17.247 [info] ExtensionService#_doActivateExtension vscode.emmet, startup: false, activationEvent: 'onLanguage'
2024-12-29 11:56:17.250 [info] ExtensionService#_doActivateExtension redhat.vscode-yaml, startup: false, activationEvent: 'onLanguage:yaml'
2024-12-29 11:56:17.250 [info] ExtensionService#_doActivateExtension google.cloud-shell, startup: false, activationEvent: 'onTerminalProfile:cloudshell.default'
2024-12-29 11:56:17.539 [info] Lock '/home/g65050972/.codeoss/data/User/workspaceStorage/3158cc93/vscode.lock': The lock does not look stale, elapsed: 169 ms, giving up.
2024-12-29 11:56:17.541 [error] Error: EEXIST: file already exists, open '/home/g65050972/.codeoss/data/User/workspaceStorage/3158cc93-1/vscode.lock'
2024-12-29 11:56:17.563 [info] Lock '/home/g65050972/.codeoss/data/User/workspaceStorage/3158cc93-1/vscode.lock': Could not acquire lock, checking if the file is stale.
2024-12-29 11:56:17.566 [info] Lock '/home/g65050972/.codeoss/data/User/workspaceStorage/3158cc93-1/vscode.lock': The pid 79945 appears to be gone.
2024-12-29 11:56:17.566 [info] Lock '/home/g65050972/.codeoss/data/User/workspaceStorage/3158cc93-1/vscode.lock': Deleting a stale lock.
2024-12-29 11:56:17.573 [info] Lock '/home/g65050972/.codeoss/data/User/workspaceStorage/3158cc93-1/vscode.lock': Lock acquired.
2024-12-29 11:56:17.662 [info] ExtensionService#_doActivateExtension vscode.git-base, startup: true, activationEvent: '*', root cause: vscode.git
2024-12-29 11:56:17.719 [info] ExtensionService#_doActivateExtension vscode.git, startup: true, activationEvent: '*'
2024-12-29 11:56:17.722 [info] ExtensionService#_doActivateExtension vscode.github, startup: true, activationEvent: '*'
2024-12-29 11:56:17.948 [info] ExtensionService#_doActivateExtension vscode.configuration-editing, startup: false, activationEvent: 'onLanguage:jsonc'
2024-12-29 11:56:17.948 [info] ExtensionService#_doActivateExtension vscode.json-language-features, startup: false, activationEvent: 'onLanguage:jsonc'
2024-12-29 11:56:17.949 [info] ExtensionService#_doActivateExtension vscode.typescript-language-features, startup: false, activationEvent: 'onLanguage:jsonc'
2024-12-29 11:56:18.370 [warning] [redhat.vscode-yaml] Accessing a resource scoped configuration without providing a resource is not expected. To get the effective value for '[yaml]', provide the URI of a resource or 'null' for any resource.
2024-12-29 11:56:18.385 [info] Eager extensions activated
2024-12-29 11:56:18.386 [info] ExtensionService#_doActivateExtension EditorConfig.EditorConfig, startup: false, activationEvent: 'onStartupFinished'
2024-12-29 11:56:18.387 [info] ExtensionService#_doActivateExtension googlecloudtools.cloudcode, startup: false, activationEvent: 'onStartupFinished'
2024-12-29 11:56:18.388 [info] ExtensionService#_doActivateExtension vscode.debug-auto-launch, startup: false, activationEvent: 'onStartupFinished'
2024-12-29 11:56:18.389 [info] ExtensionService#_doActivateExtension vscode.merge-conflict, startup: false, activationEvent: 'onStartupFinished'
2024-12-29 11:56:21.077 [warning] [redhat.vscode-yaml] Accessing a resource scoped configuration without providing a resource is not expected. To get the effective value for '[yaml]', provide the URI of a resource or 'null' for any resource.
2024-12-29 11:56:21.774 [warning] [redhat.vscode-yaml] Accessing a resource scoped configuration without providing a resource is not expected. To get the effective value for '[yaml]', provide the URI of a resource or 'null' for any resource.
2024-12-29 15:15:33.888 [info] Extension host terminating: renderer disconnected for too long (2)
2024-12-29 15:15:33.912 [info] Lock '/home/g65050972/.codeoss/data/User/workspaceStorage/3158cc93-1/vscode.lock': Marking the lockfile as scheduled to be released in 6000 ms.
2024-12-29 15:15:34.007 [info] Extension host with pid 2675 exiting with code 0
